<?xml version="1.0" encoding="UTF-8"?>
<coverage generated="1681719276004" clover="3.2.0">
  <project timestamp="1681719276004" name="All files">
    <metrics statements="199" coveredstatements="125" conditionals="190" coveredconditionals="128" methods="108" coveredmethods="60" elements="497" coveredelements="313" complexity="0" loc="199" ncloc="199" packages="9" files="19" classes="19"/>
    <package name="components.ActivityTable">
      <metrics statements="6" coveredstatements="6" conditionals="2" coveredconditionals="2" methods="5" coveredmethods="5"/>
      <file name="index.js" path="C:\Users\p146\OneDrive - Capgemini\Desktop\AwesomeTSProject-1\src\components\ActivityTable\index.js">
        <metrics statements="6" coveredstatements="6" conditionals="2" coveredconditionals="2" methods="5" coveredmethods="5"/>
        <line num="7" count="2" type="stmt"/>
        <line num="9" count="17" type="stmt"/>
        <line num="27" count="40" type="stmt"/>
        <line num="48" count="2" type="stmt"/>
        <line num="60" count="1" type="stmt"/>
        <line num="68" count="3" type="stmt"/>
      </file>
      <file name="styles.js" path="C:\Users\p146\OneDrive - Capgemini\Desktop\AwesomeTSProject-1\src\components\ActivityTable\styles.js">
        <metrics statements="0" coveredstatements="0" conditionals="0" coveredconditionals="0" methods="0" coveredmethods="0"/>
      </file>
    </package>
    <package name="components.AlertBox">
      <metrics statements="3" coveredstatements="3" conditionals="2" coveredconditionals="2" methods="1" coveredmethods="1"/>
      <file name="index.js" path="C:\Users\p146\OneDrive - Capgemini\Desktop\AwesomeTSProject-1\src\components\AlertBox\index.js">
        <metrics statements="3" coveredstatements="3" conditionals="2" coveredconditionals="2" methods="1" coveredmethods="1"/>
        <line num="5" count="2" type="stmt"/>
        <line num="6" count="19" type="stmt"/>
        <line num="8" count="19" type="stmt"/>
      </file>
      <file name="styles.js" path="C:\Users\p146\OneDrive - Capgemini\Desktop\AwesomeTSProject-1\src\components\AlertBox\styles.js">
        <metrics statements="0" coveredstatements="0" conditionals="0" coveredconditionals="0" methods="0" coveredmethods="0"/>
      </file>
    </package>
    <package name="components.Button">
      <metrics statements="2" coveredstatements="2" conditionals="0" coveredconditionals="0" methods="1" coveredmethods="1"/>
      <file name="index.js" path="C:\Users\p146\OneDrive - Capgemini\Desktop\AwesomeTSProject-1\src\components\Button\index.js">
        <metrics statements="2" coveredstatements="2" conditionals="0" coveredconditionals="0" methods="1" coveredmethods="1"/>
        <line num="5" count="4" type="stmt"/>
        <line num="6" count="22" type="stmt"/>
      </file>
      <file name="style.js" path="C:\Users\p146\OneDrive - Capgemini\Desktop\AwesomeTSProject-1\src\components\Button\style.js">
        <metrics statements="0" coveredstatements="0" conditionals="0" coveredconditionals="0" methods="0" coveredmethods="0"/>
      </file>
    </package>
    <package name="components.InputText">
      <metrics statements="4" coveredstatements="4" conditionals="12" coveredconditionals="10" methods="1" coveredmethods="1"/>
      <file name="index.js" path="C:\Users\p146\OneDrive - Capgemini\Desktop\AwesomeTSProject-1\src\components\InputText\index.js">
        <metrics statements="4" coveredstatements="4" conditionals="12" coveredconditionals="10" methods="1" coveredmethods="1"/>
        <line num="7" count="5" type="stmt"/>
        <line num="8" count="142" type="stmt"/>
        <line num="38" count="5" type="stmt"/>
        <line num="42" count="5" type="stmt"/>
      </file>
      <file name="styles.js" path="C:\Users\p146\OneDrive - Capgemini\Desktop\AwesomeTSProject-1\src\components\InputText\styles.js">
        <metrics statements="0" coveredstatements="0" conditionals="0" coveredconditionals="0" methods="0" coveredmethods="0"/>
      </file>
    </package>
    <package name="components.Label">
      <metrics statements="2" coveredstatements="2" conditionals="0" coveredconditionals="0" methods="1" coveredmethods="1"/>
      <file name="index.js" path="C:\Users\p146\OneDrive - Capgemini\Desktop\AwesomeTSProject-1\src\components\Label\index.js">
        <metrics statements="2" coveredstatements="2" conditionals="0" coveredconditionals="0" methods="1" coveredmethods="1"/>
        <line num="5" count="4" type="stmt"/>
        <line num="6" count="246" type="stmt"/>
      </file>
      <file name="style.js" path="C:\Users\p146\OneDrive - Capgemini\Desktop\AwesomeTSProject-1\src\components\Label\style.js">
        <metrics statements="0" coveredstatements="0" conditionals="0" coveredconditionals="0" methods="0" coveredmethods="0"/>
      </file>
    </package>
    <package name="components.SelectBox">
      <metrics statements="33" coveredstatements="24" conditionals="22" coveredconditionals="16" methods="12" coveredmethods="8"/>
      <file name="index.js" path="C:\Users\p146\OneDrive - Capgemini\Desktop\AwesomeTSProject-1\src\components\SelectBox\index.js">
        <metrics statements="32" coveredstatements="23" conditionals="22" coveredconditionals="16" methods="12" coveredmethods="8"/>
        <line num="16" count="5" type="stmt"/>
        <line num="17" count="112" type="stmt"/>
        <line num="18" count="109" type="stmt"/>
        <line num="19" count="109" type="stmt"/>
        <line num="20" count="50" type="stmt"/>
        <line num="26" count="50" type="stmt"/>
        <line num="27" count="27" type="stmt"/>
        <line num="29" count="50" type="stmt"/>
        <line num="32" count="109" type="stmt"/>
        <line num="33" count="217" type="stmt"/>
        <line num="41" count="217" type="cond" truecount="4" falsecount="0"/>
        <line num="42" count="19" type="stmt"/>
        <line num="43" count="57" type="stmt"/>
        <line num="52" count="217" type="stmt"/>
        <line num="55" count="109" type="stmt"/>
        <line num="56" count="108" type="stmt"/>
        <line num="70" count="0" type="stmt"/>
        <line num="71" count="0" type="stmt"/>
        <line num="72" count="0" type="stmt"/>
        <line num="80" count="109" type="stmt"/>
        <line num="81" count="1" type="cond" truecount="1" falsecount="1"/>
        <line num="82" count="1" type="stmt"/>
        <line num="86" count="109" type="stmt"/>
        <line num="87" count="0" type="stmt"/>
        <line num="90" count="109" type="stmt"/>
        <line num="91" count="109" type="stmt"/>
        <line num="128" count="0" type="stmt"/>
        <line num="135" count="0" type="stmt"/>
        <line num="136" count="0" type="stmt"/>
        <line num="137" count="0" type="stmt"/>
        <line num="138" count="0" type="stmt"/>
        <line num="151" count="109" type="stmt"/>
      </file>
      <file name="style.js" path="C:\Users\p146\OneDrive - Capgemini\Desktop\AwesomeTSProject-1\src\components\SelectBox\style.js">
        <metrics statements="1" coveredstatements="1" conditionals="0" coveredconditionals="0" methods="0" coveredmethods="0"/>
        <line num="4" count="5" type="stmt"/>
      </file>
    </package>
    <package name="controller">
      <metrics statements="4" coveredstatements="3" conditionals="0" coveredconditionals="0" methods="3" coveredmethods="2"/>
      <file name="activityData.js" path="C:\Users\p146\OneDrive - Capgemini\Desktop\AwesomeTSProject-1\src\controller\activityData.js">
        <metrics statements="4" coveredstatements="3" conditionals="0" coveredconditionals="0" methods="3" coveredmethods="2"/>
        <line num="3" count="5" type="stmt"/>
        <line num="4" count="11" type="stmt"/>
        <line num="5" count="11" type="stmt"/>
        <line num="6" count="0" type="stmt"/>
      </file>
    </package>
    <package name="screens">
      <metrics statements="138" coveredstatements="77" conditionals="152" coveredconditionals="98" methods="81" coveredmethods="41"/>
      <file name="CreateActivity.js" path="C:\Users\p146\OneDrive - Capgemini\Desktop\AwesomeTSProject-1\src\screens\CreateActivity.js">
        <metrics statements="49" coveredstatements="25" conditionals="55" coveredconditionals="39" methods="31" coveredmethods="16"/>
        <line num="22" count="2" type="stmt"/>
        <line num="23" count="11" type="stmt"/>
        <line num="24" count="10" type="stmt"/>
        <line num="25" count="10" type="stmt"/>
        <line num="26" count="10" type="stmt"/>
        <line num="31" count="10" type="stmt"/>
        <line num="44" count="10" type="stmt"/>
        <line num="45" count="0" type="stmt"/>
        <line num="46" count="0" type="stmt"/>
        <line num="47" count="0" type="stmt"/>
        <line num="48" count="0" type="stmt"/>
        <line num="49" count="0" type="stmt"/>
        <line num="50" count="0" type="stmt"/>
        <line num="53" count="10" type="stmt"/>
        <line num="54" count="5" type="stmt"/>
        <line num="55" count="5" type="stmt"/>
        <line num="56" count="0" type="stmt"/>
        <line num="57" count="0" type="stmt"/>
        <line num="61" count="10" type="stmt"/>
        <line num="77" count="0" type="cond" truecount="0" falsecount="2"/>
        <line num="85" count="11" type="stmt"/>
        <line num="106" count="0" type="cond" truecount="0" falsecount="2"/>
        <line num="114" count="11" type="stmt"/>
        <line num="134" count="0" type="cond" truecount="0" falsecount="2"/>
        <line num="143" count="11" type="stmt"/>
        <line num="162" count="0" type="cond" truecount="0" falsecount="2"/>
        <line num="171" count="11" type="stmt"/>
        <line num="180" count="0" type="stmt"/>
        <line num="194" count="10" type="stmt"/>
        <line num="201" count="0" type="stmt"/>
        <line num="212" count="10" type="stmt"/>
        <line num="219" count="0" type="stmt"/>
        <line num="229" count="10" type="stmt"/>
        <line num="236" count="0" type="stmt"/>
        <line num="246" count="10" type="stmt"/>
        <line num="254" count="0" type="stmt"/>
        <line num="268" count="3" type="cond" truecount="1" falsecount="1"/>
        <line num="277" count="13" type="stmt"/>
        <line num="286" count="2" type="stmt"/>
        <line num="302" count="0" type="cond" truecount="0" falsecount="2"/>
        <line num="310" count="11" type="stmt"/>
        <line num="319" count="0" type="stmt"/>
        <line num="320" count="0" type="stmt"/>
        <line num="321" count="0" type="cond" truecount="0" falsecount="2"/>
        <line num="335" count="11" type="stmt"/>
        <line num="346" count="0" type="stmt"/>
        <line num="347" count="0" type="stmt"/>
        <line num="372" count="10" type="stmt"/>
        <line num="378" count="0" type="stmt"/>
      </file>
      <file name="SerachActivity.js" path="C:\Users\p146\OneDrive - Capgemini\Desktop\AwesomeTSProject-1\src\screens\SerachActivity.js">
        <metrics statements="34" coveredstatements="23" conditionals="34" coveredconditionals="17" methods="17" coveredmethods="8"/>
        <line num="20" count="1" type="stmt"/>
        <line num="21" count="9" type="stmt"/>
        <line num="22" count="9" type="stmt"/>
        <line num="23" count="9" type="stmt"/>
        <line num="24" count="9" type="stmt"/>
        <line num="30" count="9" type="stmt"/>
        <line num="31" count="3" type="stmt"/>
        <line num="32" count="3" type="stmt"/>
        <line num="33" count="0" type="stmt"/>
        <line num="34" count="0" type="stmt"/>
        <line num="38" count="9" type="stmt"/>
        <line num="39" count="0" type="stmt"/>
        <line num="42" count="9" type="stmt"/>
        <line num="43" count="9" type="stmt"/>
        <line num="45" count="9" type="stmt"/>
        <line num="46" count="2" type="stmt"/>
        <line num="48" count="2" type="stmt"/>
        <line num="50" count="9" type="stmt"/>
        <line num="51" count="0" type="stmt"/>
        <line num="52" count="0" type="stmt"/>
        <line num="55" count="9" type="stmt"/>
        <line num="56" count="1" type="stmt"/>
        <line num="59" count="9" type="stmt"/>
        <line num="60" count="0" type="stmt"/>
        <line num="64" count="9" type="stmt"/>
        <line num="80" count="0" type="cond" truecount="0" falsecount="2"/>
        <line num="88" count="9" type="stmt"/>
        <line num="109" count="0" type="cond" truecount="0" falsecount="2"/>
        <line num="117" count="9" type="stmt"/>
        <line num="137" count="0" type="cond" truecount="0" falsecount="2"/>
        <line num="146" count="9" type="stmt"/>
        <line num="165" count="0" type="cond" truecount="0" falsecount="2"/>
        <line num="172" count="9" type="stmt"/>
        <line num="180" count="0" type="stmt"/>
      </file>
      <file name="ViewEditActivity.js" path="C:\Users\p146\OneDrive - Capgemini\Desktop\AwesomeTSProject-1\src\screens\ViewEditActivity.js">
        <metrics statements="55" coveredstatements="29" conditionals="63" coveredconditionals="42" methods="33" coveredmethods="17"/>
        <line num="21" count="1" type="stmt"/>
        <line num="23" count="7" type="stmt"/>
        <line num="24" count="6" type="stmt"/>
        <line num="25" count="6" type="stmt"/>
        <line num="26" count="6" type="stmt"/>
        <line num="31" count="6" type="stmt"/>
        <line num="33" count="6" type="stmt"/>
        <line num="34" count="0" type="stmt"/>
        <line num="35" count="0" type="stmt"/>
        <line num="36" count="0" type="stmt"/>
        <line num="37" count="0" type="stmt"/>
        <line num="38" count="0" type="stmt"/>
        <line num="39" count="0" type="stmt"/>
        <line num="42" count="6" type="stmt"/>
        <line num="43" count="3" type="stmt"/>
        <line num="44" count="3" type="stmt"/>
        <line num="45" count="0" type="stmt"/>
        <line num="46" count="0" type="stmt"/>
        <line num="51" count="6" type="stmt"/>
        <line num="53" count="6" type="stmt"/>
        <line num="54" count="3" type="cond" truecount="1" falsecount="1"/>
        <line num="55" count="3" type="stmt"/>
        <line num="58" count="0" type="stmt"/>
        <line num="61" count="6" type="stmt"/>
        <line num="77" count="0" type="cond" truecount="0" falsecount="2"/>
        <line num="86" count="7" type="stmt"/>
        <line num="96" count="0" type="stmt"/>
        <line num="111" count="0" type="cond" truecount="0" falsecount="2"/>
        <line num="120" count="7" type="stmt"/>
        <line num="140" count="0" type="cond" truecount="0" falsecount="2"/>
        <line num="150" count="7" type="stmt"/>
        <line num="170" count="3" type="cond" truecount="1" falsecount="1"/>
        <line num="178" count="9" type="stmt"/>
        <line num="187" count="2" type="stmt"/>
        <line num="202" count="6" type="stmt"/>
        <line num="209" count="0" type="stmt"/>
        <line num="221" count="6" type="stmt"/>
        <line num="228" count="0" type="stmt"/>
        <line num="239" count="6" type="stmt"/>
        <line num="246" count="0" type="stmt"/>
        <line num="257" count="6" type="stmt"/>
        <line num="264" count="0" type="stmt"/>
        <line num="279" count="0" type="cond" truecount="0" falsecount="2"/>
        <line num="286" count="7" type="stmt"/>
        <line num="294" count="0" type="stmt"/>
        <line num="310" count="0" type="cond" truecount="0" falsecount="2"/>
        <line num="319" count="7" type="stmt"/>
        <line num="328" count="0" type="stmt"/>
        <line num="329" count="0" type="stmt"/>
        <line num="330" count="0" type="cond" truecount="0" falsecount="2"/>
        <line num="344" count="7" type="stmt"/>
        <line num="356" count="0" type="stmt"/>
        <line num="357" count="0" type="stmt"/>
        <line num="384" count="6" type="stmt"/>
        <line num="390" count="0" type="stmt"/>
      </file>
      <file name="createActivityStyle.js" path="C:\Users\p146\OneDrive - Capgemini\Desktop\AwesomeTSProject-1\src\screens\createActivityStyle.js">
        <metrics statements="0" coveredstatements="0" conditionals="0" coveredconditionals="0" methods="0" coveredmethods="0"/>
      </file>
    </package>
    <package name="utils">
      <metrics statements="7" coveredstatements="4" conditionals="0" coveredconditionals="0" methods="3" coveredmethods="0"/>
      <file name="color.js" path="C:\Users\p146\OneDrive - Capgemini\Desktop\AwesomeTSProject-1\src\utils\color.js">
        <metrics statements="0" coveredstatements="0" conditionals="0" coveredconditionals="0" methods="0" coveredmethods="0"/>
      </file>
      <file name="constants.js" path="C:\Users\p146\OneDrive - Capgemini\Desktop\AwesomeTSProject-1\src\utils\constants.js">
        <metrics statements="7" coveredstatements="4" conditionals="0" coveredconditionals="0" methods="3" coveredmethods="0"/>
        <line num="1" count="6" type="stmt"/>
        <line num="86" count="6" type="stmt"/>
        <line num="175" count="6" type="stmt"/>
        <line num="176" count="0" type="stmt"/>
        <line num="177" count="0" type="stmt"/>
        <line num="178" count="0" type="stmt"/>
        <line num="183" count="6" type="stmt"/>
      </file>
    </package>
  </project>
</coverage>
