<?xml version="1.0" encoding="UTF-8"?>
<coverage generated="1681885135655" clover="3.2.0">
  <project timestamp="1681885135656" name="All files">
    <metrics statements="209" coveredstatements="129" conditionals="192" coveredconditionals="130" methods="112" coveredmethods="60" elements="513" coveredelements="319" complexity="0" loc="209" ncloc="209" packages="9" files="19" classes="19"/>
    <package name="components.ActivityTable">
      <metrics statements="6" coveredstatements="6" conditionals="2" coveredconditionals="2" methods="5" coveredmethods="5"/>
      <file name="index.js" path="/Users/dhiverma/git/AwesomeTSProject/src/components/ActivityTable/index.js">
        <metrics statements="6" coveredstatements="6" conditionals="2" coveredconditionals="2" methods="5" coveredmethods="5"/>
        <line num="7" count="2" type="stmt"/>
        <line num="9" count="17" type="stmt"/>
        <line num="27" count="40" type="stmt"/>
        <line num="48" count="2" type="stmt"/>
        <line num="60" count="1" type="stmt"/>
        <line num="68" count="3" type="stmt"/>
      </file>
      <file name="styles.js" path="/Users/dhiverma/git/AwesomeTSProject/src/components/ActivityTable/styles.js">
        <metrics statements="0" coveredstatements="0" conditionals="0" coveredconditionals="0" methods="0" coveredmethods="0"/>
      </file>
    </package>
    <package name="components.AlertBox">
      <metrics statements="3" coveredstatements="3" conditionals="2" coveredconditionals="2" methods="1" coveredmethods="1"/>
      <file name="index.js" path="/Users/dhiverma/git/AwesomeTSProject/src/components/AlertBox/index.js">
        <metrics statements="3" coveredstatements="3" conditionals="2" coveredconditionals="2" methods="1" coveredmethods="1"/>
        <line num="5" count="2" type="stmt"/>
        <line num="14" count="19" type="stmt"/>
        <line num="16" count="19" type="stmt"/>
      </file>
      <file name="styles.js" path="/Users/dhiverma/git/AwesomeTSProject/src/components/AlertBox/styles.js">
        <metrics statements="0" coveredstatements="0" conditionals="0" coveredconditionals="0" methods="0" coveredmethods="0"/>
      </file>
    </package>
    <package name="components.Button">
      <metrics statements="2" coveredstatements="2" conditionals="2" coveredconditionals="2" methods="1" coveredmethods="1"/>
      <file name="index.js" path="/Users/dhiverma/git/AwesomeTSProject/src/components/Button/index.js">
        <metrics statements="2" coveredstatements="2" conditionals="2" coveredconditionals="2" methods="1" coveredmethods="1"/>
        <line num="5" count="3" type="stmt"/>
        <line num="6" count="18" type="stmt"/>
      </file>
      <file name="style.js" path="/Users/dhiverma/git/AwesomeTSProject/src/components/Button/style.js">
        <metrics statements="0" coveredstatements="0" conditionals="0" coveredconditionals="0" methods="0" coveredmethods="0"/>
      </file>
    </package>
    <package name="components.InputText">
      <metrics statements="4" coveredstatements="4" conditionals="12" coveredconditionals="10" methods="1" coveredmethods="1"/>
      <file name="index.js" path="/Users/dhiverma/git/AwesomeTSProject/src/components/InputText/index.js">
        <metrics statements="4" coveredstatements="4" conditionals="12" coveredconditionals="10" methods="1" coveredmethods="1"/>
        <line num="7" count="4" type="stmt"/>
        <line num="8" count="114" type="stmt"/>
        <line num="38" count="4" type="stmt"/>
        <line num="42" count="4" type="stmt"/>
      </file>
      <file name="styles.js" path="/Users/dhiverma/git/AwesomeTSProject/src/components/InputText/styles.js">
        <metrics statements="0" coveredstatements="0" conditionals="0" coveredconditionals="0" methods="0" coveredmethods="0"/>
      </file>
    </package>
    <package name="components.Label">
      <metrics statements="2" coveredstatements="2" conditionals="0" coveredconditionals="0" methods="1" coveredmethods="1"/>
      <file name="index.js" path="/Users/dhiverma/git/AwesomeTSProject/src/components/Label/index.js">
        <metrics statements="2" coveredstatements="2" conditionals="0" coveredconditionals="0" methods="1" coveredmethods="1"/>
        <line num="5" count="3" type="stmt"/>
        <line num="6" count="194" type="stmt"/>
      </file>
      <file name="style.js" path="/Users/dhiverma/git/AwesomeTSProject/src/components/Label/style.js">
        <metrics statements="0" coveredstatements="0" conditionals="0" coveredconditionals="0" methods="0" coveredmethods="0"/>
      </file>
    </package>
    <package name="components.SelectBox">
      <metrics statements="31" coveredstatements="24" conditionals="22" coveredconditionals="16" methods="12" coveredmethods="8"/>
      <file name="index.js" path="/Users/dhiverma/git/AwesomeTSProject/src/components/SelectBox/index.js">
        <metrics statements="30" coveredstatements="23" conditionals="22" coveredconditionals="16" methods="12" coveredmethods="8"/>
        <line num="16" count="4" type="stmt"/>
        <line num="17" count="95" type="stmt"/>
        <line num="18" count="92" type="stmt"/>
        <line num="19" count="92" type="stmt"/>
        <line num="20" count="41" type="stmt"/>
        <line num="26" count="41" type="stmt"/>
        <line num="27" count="24" type="stmt"/>
        <line num="29" count="41" type="stmt"/>
        <line num="32" count="92" type="stmt"/>
        <line num="33" count="183" type="stmt"/>
        <line num="41" count="183" type="cond" truecount="4" falsecount="0"/>
        <line num="42" count="17" type="stmt"/>
        <line num="43" count="51" type="stmt"/>
        <line num="52" count="183" type="stmt"/>
        <line num="55" count="92" type="stmt"/>
        <line num="56" count="91" type="stmt"/>
        <line num="70" count="0" type="stmt"/>
        <line num="71" count="0" type="stmt"/>
        <line num="72" count="0" type="stmt"/>
        <line num="80" count="92" type="stmt"/>
        <line num="81" count="1" type="cond" truecount="1" falsecount="1"/>
        <line num="82" count="1" type="stmt"/>
        <line num="86" count="92" type="stmt"/>
        <line num="87" count="0" type="stmt"/>
        <line num="90" count="92" type="stmt"/>
        <line num="91" count="92" type="stmt"/>
        <line num="128" count="0" type="stmt"/>
        <line num="136" count="0" type="stmt"/>
        <line num="137" count="0" type="stmt"/>
        <line num="149" count="92" type="stmt"/>
      </file>
      <file name="style.js" path="/Users/dhiverma/git/AwesomeTSProject/src/components/SelectBox/style.js">
        <metrics statements="1" coveredstatements="1" conditionals="0" coveredconditionals="0" methods="0" coveredmethods="0"/>
        <line num="4" count="4" type="stmt"/>
      </file>
    </package>
    <package name="controller">
      <metrics statements="14" coveredstatements="5" conditionals="0" coveredconditionals="0" methods="7" coveredmethods="2"/>
      <file name="activityData.js" path="/Users/dhiverma/git/AwesomeTSProject/src/controller/activityData.js">
        <metrics statements="14" coveredstatements="5" conditionals="0" coveredconditionals="0" methods="7" coveredmethods="2"/>
        <line num="3" count="4" type="stmt"/>
        <line num="4" count="9" type="stmt"/>
        <line num="5" count="9" type="stmt"/>
        <line num="6" count="0" type="stmt"/>
        <line num="11" count="4" type="stmt"/>
        <line num="12" count="0" type="stmt"/>
        <line num="13" count="0" type="stmt"/>
        <line num="15" count="0" type="stmt"/>
        <line num="21" count="0" type="stmt"/>
        <line num="24" count="4" type="stmt"/>
        <line num="25" count="0" type="stmt"/>
        <line num="26" count="0" type="stmt"/>
        <line num="27" count="0" type="stmt"/>
        <line num="33" count="0" type="stmt"/>
      </file>
    </package>
    <package name="screens">
      <metrics statements="138" coveredstatements="77" conditionals="152" coveredconditionals="98" methods="81" coveredmethods="41"/>
      <file name="CreateActivity.js" path="/Users/dhiverma/git/AwesomeTSProject/src/screens/CreateActivity.js">
        <metrics statements="49" coveredstatements="25" conditionals="55" coveredconditionals="39" methods="31" coveredmethods="16"/>
        <line num="22" count="1" type="stmt"/>
        <line num="23" count="7" type="stmt"/>
        <line num="24" count="6" type="stmt"/>
        <line num="25" count="6" type="stmt"/>
        <line num="26" count="6" type="stmt"/>
        <line num="31" count="6" type="stmt"/>
        <line num="44" count="6" type="stmt"/>
        <line num="45" count="0" type="stmt"/>
        <line num="46" count="0" type="stmt"/>
        <line num="47" count="0" type="stmt"/>
        <line num="48" count="0" type="stmt"/>
        <line num="49" count="0" type="stmt"/>
        <line num="50" count="0" type="stmt"/>
        <line num="53" count="6" type="stmt"/>
        <line num="54" count="3" type="stmt"/>
        <line num="55" count="3" type="stmt"/>
        <line num="56" count="0" type="stmt"/>
        <line num="57" count="0" type="stmt"/>
        <line num="61" count="6" type="stmt"/>
        <line num="77" count="0" type="cond" truecount="0" falsecount="2"/>
        <line num="85" count="7" type="stmt"/>
        <line num="106" count="0" type="cond" truecount="0" falsecount="2"/>
        <line num="114" count="7" type="stmt"/>
        <line num="134" count="0" type="cond" truecount="0" falsecount="2"/>
        <line num="143" count="7" type="stmt"/>
        <line num="162" count="0" type="cond" truecount="0" falsecount="2"/>
        <line num="171" count="7" type="stmt"/>
        <line num="180" count="0" type="stmt"/>
        <line num="194" count="6" type="stmt"/>
        <line num="201" count="0" type="stmt"/>
        <line num="212" count="6" type="stmt"/>
        <line num="219" count="0" type="stmt"/>
        <line num="229" count="6" type="stmt"/>
        <line num="236" count="0" type="stmt"/>
        <line num="246" count="6" type="stmt"/>
        <line num="254" count="0" type="stmt"/>
        <line num="268" count="3" type="cond" truecount="1" falsecount="1"/>
        <line num="277" count="9" type="stmt"/>
        <line num="286" count="2" type="stmt"/>
        <line num="302" count="0" type="cond" truecount="0" falsecount="2"/>
        <line num="310" count="7" type="stmt"/>
        <line num="319" count="0" type="stmt"/>
        <line num="320" count="0" type="stmt"/>
        <line num="321" count="0" type="cond" truecount="0" falsecount="2"/>
        <line num="335" count="7" type="stmt"/>
        <line num="346" count="0" type="stmt"/>
        <line num="347" count="0" type="stmt"/>
        <line num="372" count="6" type="stmt"/>
        <line num="378" count="0" type="stmt"/>
      </file>
      <file name="SerachActivity.js" path="/Users/dhiverma/git/AwesomeTSProject/src/screens/SerachActivity.js">
        <metrics statements="34" coveredstatements="23" conditionals="34" coveredconditionals="17" methods="17" coveredmethods="8"/>
        <line num="19" count="1" type="stmt"/>
        <line num="20" count="9" type="stmt"/>
        <line num="21" count="9" type="stmt"/>
        <line num="22" count="9" type="stmt"/>
        <line num="23" count="9" type="stmt"/>
        <line num="29" count="9" type="stmt"/>
        <line num="30" count="3" type="stmt"/>
        <line num="31" count="3" type="stmt"/>
        <line num="32" count="0" type="stmt"/>
        <line num="33" count="0" type="stmt"/>
        <line num="37" count="9" type="stmt"/>
        <line num="38" count="0" type="stmt"/>
        <line num="41" count="9" type="stmt"/>
        <line num="42" count="9" type="stmt"/>
        <line num="44" count="9" type="stmt"/>
        <line num="45" count="2" type="stmt"/>
        <line num="47" count="2" type="stmt"/>
        <line num="49" count="9" type="stmt"/>
        <line num="50" count="0" type="stmt"/>
        <line num="51" count="0" type="stmt"/>
        <line num="54" count="9" type="stmt"/>
        <line num="55" count="1" type="stmt"/>
        <line num="58" count="9" type="stmt"/>
        <line num="59" count="0" type="stmt"/>
        <line num="62" count="9" type="stmt"/>
        <line num="78" count="0" type="cond" truecount="0" falsecount="2"/>
        <line num="86" count="9" type="stmt"/>
        <line num="107" count="0" type="cond" truecount="0" falsecount="2"/>
        <line num="115" count="9" type="stmt"/>
        <line num="135" count="0" type="cond" truecount="0" falsecount="2"/>
        <line num="144" count="9" type="stmt"/>
        <line num="163" count="0" type="cond" truecount="0" falsecount="2"/>
        <line num="170" count="9" type="stmt"/>
        <line num="178" count="0" type="stmt"/>
      </file>
      <file name="ViewEditActivity.js" path="/Users/dhiverma/git/AwesomeTSProject/src/screens/ViewEditActivity.js">
        <metrics statements="55" coveredstatements="29" conditionals="63" coveredconditionals="42" methods="33" coveredmethods="17"/>
        <line num="21" count="1" type="stmt"/>
        <line num="23" count="7" type="stmt"/>
        <line num="24" count="6" type="stmt"/>
        <line num="25" count="6" type="stmt"/>
        <line num="26" count="6" type="stmt"/>
        <line num="31" count="6" type="stmt"/>
        <line num="33" count="6" type="stmt"/>
        <line num="34" count="0" type="stmt"/>
        <line num="35" count="0" type="stmt"/>
        <line num="36" count="0" type="stmt"/>
        <line num="37" count="0" type="stmt"/>
        <line num="38" count="0" type="stmt"/>
        <line num="39" count="0" type="stmt"/>
        <line num="42" count="6" type="stmt"/>
        <line num="43" count="3" type="stmt"/>
        <line num="44" count="3" type="stmt"/>
        <line num="45" count="0" type="stmt"/>
        <line num="46" count="0" type="stmt"/>
        <line num="51" count="6" type="stmt"/>
        <line num="53" count="6" type="stmt"/>
        <line num="54" count="3" type="cond" truecount="1" falsecount="1"/>
        <line num="55" count="3" type="stmt"/>
        <line num="58" count="0" type="stmt"/>
        <line num="61" count="6" type="stmt"/>
        <line num="77" count="0" type="cond" truecount="0" falsecount="2"/>
        <line num="86" count="7" type="stmt"/>
        <line num="96" count="0" type="stmt"/>
        <line num="111" count="0" type="cond" truecount="0" falsecount="2"/>
        <line num="120" count="7" type="stmt"/>
        <line num="140" count="0" type="cond" truecount="0" falsecount="2"/>
        <line num="150" count="7" type="stmt"/>
        <line num="170" count="3" type="cond" truecount="1" falsecount="1"/>
        <line num="178" count="9" type="stmt"/>
        <line num="187" count="2" type="stmt"/>
        <line num="202" count="6" type="stmt"/>
        <line num="209" count="0" type="stmt"/>
        <line num="221" count="6" type="stmt"/>
        <line num="228" count="0" type="stmt"/>
        <line num="239" count="6" type="stmt"/>
        <line num="246" count="0" type="stmt"/>
        <line num="257" count="6" type="stmt"/>
        <line num="264" count="0" type="stmt"/>
        <line num="279" count="0" type="cond" truecount="0" falsecount="2"/>
        <line num="286" count="7" type="stmt"/>
        <line num="294" count="0" type="stmt"/>
        <line num="310" count="0" type="cond" truecount="0" falsecount="2"/>
        <line num="319" count="7" type="stmt"/>
        <line num="328" count="0" type="stmt"/>
        <line num="329" count="0" type="stmt"/>
        <line num="330" count="0" type="cond" truecount="0" falsecount="2"/>
        <line num="344" count="7" type="stmt"/>
        <line num="356" count="0" type="stmt"/>
        <line num="357" count="0" type="stmt"/>
        <line num="384" count="6" type="stmt"/>
        <line num="390" count="0" type="stmt"/>
      </file>
      <file name="createActivityStyle.js" path="/Users/dhiverma/git/AwesomeTSProject/src/screens/createActivityStyle.js">
        <metrics statements="0" coveredstatements="0" conditionals="0" coveredconditionals="0" methods="0" coveredmethods="0"/>
      </file>
    </package>
    <package name="utils">
      <metrics statements="9" coveredstatements="6" conditionals="0" coveredconditionals="0" methods="3" coveredmethods="0"/>
      <file name="color.js" path="/Users/dhiverma/git/AwesomeTSProject/src/utils/color.js">
        <metrics statements="0" coveredstatements="0" conditionals="0" coveredconditionals="0" methods="0" coveredmethods="0"/>
      </file>
      <file name="constants.js" path="/Users/dhiverma/git/AwesomeTSProject/src/utils/constants.js">
        <metrics statements="9" coveredstatements="6" conditionals="0" coveredconditionals="0" methods="3" coveredmethods="0"/>
        <line num="1" count="5" type="stmt"/>
        <line num="88" count="5" type="stmt"/>
        <line num="177" count="5" type="stmt"/>
        <line num="185" count="5" type="stmt"/>
        <line num="242" count="5" type="stmt"/>
        <line num="243" count="0" type="stmt"/>
        <line num="244" count="0" type="stmt"/>
        <line num="245" count="0" type="stmt"/>
        <line num="250" count="5" type="stmt"/>
      </file>
    </package>
  </project>
</coverage>
