{"C:\\Users\\p146\\OneDrive - Capgemini\\Desktop\\AwesomeTSProject-1\\src\\components\\ActivityTable\\index.js": {"path":"C:\\Users\\p146\\OneDrive - Capgemini\\Desktop\\AwesomeTSProject-1\\src\\components\\ActivityTable\\index.js","statementMap":{"0":{"start":{"line":7,"column":24},"end":{"line":82,"column":3}},"1":{"start":{"line":9,"column":4},"end":{"line":81,"column":6}},"2":{"start":{"line":27,"column":12},"end":{"line":78,"column":19}},"3":{"start":{"line":48,"column":22},"end":{"line":48,"column":47}},"4":{"start":{"line":60,"column":22},"end":{"line":60,"column":47}},"5":{"start":{"line":68,"column":20},"end":{"line":68,"column":47}}},"fnMap":{"0":{"name":"(anonymous_0)","decl":{"start":{"line":7,"column":24},"end":{"line":7,"column":25}},"loc":{"start":{"line":7,"column":33},"end":{"line":82,"column":3}},"line":7},"1":{"name":"(anonymous_1)","decl":{"start":{"line":26,"column":25},"end":{"line":26,"column":26}},"loc":{"start":{"line":27,"column":12},"end":{"line":78,"column":19}},"line":27},"2":{"name":"(anonymous_2)","decl":{"start":{"line":47,"column":29},"end":{"line":47,"column":30}},"loc":{"start":{"line":47,"column":35},"end":{"line":49,"column":21}},"line":47},"3":{"name":"(anonymous_3)","decl":{"start":{"line":59,"column":29},"end":{"line":59,"column":30}},"loc":{"start":{"line":59,"column":35},"end":{"line":61,"column":21}},"line":59},"4":{"name":"(anonymous_4)","decl":{"start":{"line":67,"column":27},"end":{"line":67,"column":28}},"loc":{"start":{"line":67,"column":33},"end":{"line":69,"column":19}},"line":67}},"branchMap":{"0":{"loc":{"start":{"line":25,"column":9},"end":{"line":79,"column":12}},"type":"binary-expr","locations":[{"start":{"line":25,"column":9},"end":{"line":25,"column":19}},{"start":{"line":26,"column":10},"end":{"line":79,"column":12}}],"line":25}},"s":{"0":2,"1":17,"2":40,"3":2,"4":1,"5":3},"f":{"0":17,"1":40,"2":2,"3":1,"4":3},"b":{"0":[17,16]},"_coverageSchema":"1a1c01bbd47fc00a2c39e90264f33305004495a9","hash":"c261206eeda63fa1361c5243df03e983f8cfc118"}
,"C:\\Users\\p146\\OneDrive - Capgemini\\Desktop\\AwesomeTSProject-1\\src\\components\\ActivityTable\\styles.js": {"path":"C:\\Users\\p146\\OneDrive - Capgemini\\Desktop\\AwesomeTSProject-1\\src\\components\\ActivityTable\\styles.js","statementMap":{},"fnMap":{},"branchMap":{},"s":{},"f":{},"b":{},"_coverageSchema":"1a1c01bbd47fc00a2c39e90264f33305004495a9","hash":"aa52be2ea43d4802123994275adf331b37844419"}
,"C:\\Users\\p146\\OneDrive - Capgemini\\Desktop\\AwesomeTSProject-1\\src\\components\\AlertBox\\index.js": {"path":"C:\\Users\\p146\\OneDrive - Capgemini\\Desktop\\AwesomeTSProject-1\\src\\components\\AlertBox\\index.js","statementMap":{"0":{"start":{"line":5,"column":17},"end":{"line":30,"column":1}},"1":{"start":{"line":6,"column":19},"end":{"line":6,"column":23}},"2":{"start":{"line":8,"column":2},"end":{"line":29,"column":4}}},"fnMap":{"0":{"name":"(anonymous_0)","decl":{"start":{"line":5,"column":17},"end":{"line":5,"column":18}},"loc":{"start":{"line":5,"column":103},"end":{"line":30,"column":1}},"line":5}},"branchMap":{"0":{"loc":{"start":{"line":18,"column":14},"end":{"line":24,"column":36}},"type":"cond-expr","locations":[{"start":{"line":19,"column":12},"end":{"line":24,"column":31}},{"start":{"line":24,"column":32},"end":{"line":24,"column":36}}],"line":18}},"s":{"0":2,"1":19,"2":19},"f":{"0":19},"b":{"0":[13,6]},"_coverageSchema":"1a1c01bbd47fc00a2c39e90264f33305004495a9","hash":"aa12ad25d34d68147046407e4773d62ae366ab02"}
,"C:\\Users\\p146\\OneDrive - Capgemini\\Desktop\\AwesomeTSProject-1\\src\\components\\AlertBox\\styles.js": {"path":"C:\\Users\\p146\\OneDrive - Capgemini\\Desktop\\AwesomeTSProject-1\\src\\components\\AlertBox\\styles.js","statementMap":{},"fnMap":{},"branchMap":{},"s":{},"f":{},"b":{},"_coverageSchema":"1a1c01bbd47fc00a2c39e90264f33305004495a9","hash":"97d29893e347bf3c068684647615a670ed850170"}
,"C:\\Users\\p146\\OneDrive - Capgemini\\Desktop\\AwesomeTSProject-1\\src\\components\\Button\\index.js": {"path":"C:\\Users\\p146\\OneDrive - Capgemini\\Desktop\\AwesomeTSProject-1\\src\\components\\Button\\index.js","statementMap":{"0":{"start":{"line":5,"column":15},"end":{"line":11,"column":1}},"1":{"start":{"line":6,"column":2},"end":{"line":10,"column":4}}},"fnMap":{"0":{"name":"(anonymous_0)","decl":{"start":{"line":5,"column":15},"end":{"line":5,"column":16}},"loc":{"start":{"line":5,"column":24},"end":{"line":11,"column":1}},"line":5}},"branchMap":{},"s":{"0":4,"1":22},"f":{"0":22},"b":{},"_coverageSchema":"1a1c01bbd47fc00a2c39e90264f33305004495a9","hash":"85de2a99b4fe1a10eee90b4bea6b1d8c7f863eca"}
,"C:\\Users\\p146\\OneDrive - Capgemini\\Desktop\\AwesomeTSProject-1\\src\\components\\Button\\style.js": {"path":"C:\\Users\\p146\\OneDrive - Capgemini\\Desktop\\AwesomeTSProject-1\\src\\components\\Button\\style.js","statementMap":{},"fnMap":{},"branchMap":{},"s":{},"f":{},"b":{},"_coverageSchema":"1a1c01bbd47fc00a2c39e90264f33305004495a9","hash":"f1f3276c96fe8ce875f40cf8742ad29747517106"}
,"C:\\Users\\p146\\OneDrive - Capgemini\\Desktop\\AwesomeTSProject-1\\src\\components\\InputText\\index.js": {"path":"C:\\Users\\p146\\OneDrive - Capgemini\\Desktop\\AwesomeTSProject-1\\src\\components\\InputText\\index.js","statementMap":{"0":{"start":{"line":7,"column":18},"end":{"line":36,"column":1}},"1":{"start":{"line":8,"column":2},"end":{"line":35,"column":4}},"2":{"start":{"line":38,"column":0},"end":{"line":41,"column":2}},"3":{"start":{"line":42,"column":0},"end":{"line":45,"column":2}}},"fnMap":{"0":{"name":"(anonymous_0)","decl":{"start":{"line":7,"column":18},"end":{"line":7,"column":19}},"loc":{"start":{"line":7,"column":27},"end":{"line":36,"column":1}},"line":7}},"branchMap":{"0":{"loc":{"start":{"line":13,"column":21},"end":{"line":13,"column":66}},"type":"cond-expr","locations":[{"start":{"line":13,"column":41},"end":{"line":13,"column":58}},{"start":{"line":13,"column":61},"end":{"line":13,"column":66}}],"line":13},"1":{"loc":{"start":{"line":18,"column":29},"end":{"line":20,"column":37}},"type":"cond-expr","locations":[{"start":{"line":19,"column":16},"end":{"line":19,"column":27}},{"start":{"line":20,"column":16},"end":{"line":20,"column":37}}],"line":18},"2":{"loc":{"start":{"line":21,"column":25},"end":{"line":21,"column":76}},"type":"cond-expr","locations":[{"start":{"line":21,"column":39},"end":{"line":21,"column":57}},{"start":{"line":21,"column":60},"end":{"line":21,"column":76}}],"line":21},"3":{"loc":{"start":{"line":22,"column":25},"end":{"line":22,"column":44}},"type":"cond-expr","locations":[{"start":{"line":22,"column":39},"end":{"line":22,"column":40}},{"start":{"line":22,"column":43},"end":{"line":22,"column":44}}],"line":22},"4":{"loc":{"start":{"line":23,"column":20},"end":{"line":23,"column":45}},"type":"cond-expr","locations":[{"start":{"line":23,"column":38},"end":{"line":23,"column":40}},{"start":{"line":23,"column":43},"end":{"line":23,"column":45}}],"line":23},"5":{"loc":{"start":{"line":31,"column":7},"end":{"line":33,"column":7}},"type":"binary-expr","locations":[{"start":{"line":31,"column":7},"end":{"line":31,"column":25}},{"start":{"line":32,"column":8},"end":{"line":32,"column":64}}],"line":31}},"s":{"0":5,"1":142,"2":5,"3":5},"f":{"0":142},"b":{"0":[0,142],"1":[142,0],"2":[2,140],"3":[2,140],"4":[64,78],"5":[142,5]},"_coverageSchema":"1a1c01bbd47fc00a2c39e90264f33305004495a9","hash":"992bb3be82a708171c80b27c5b96c94e46282c19"}
,"C:\\Users\\p146\\OneDrive - Capgemini\\Desktop\\AwesomeTSProject-1\\src\\components\\InputText\\styles.js": {"path":"C:\\Users\\p146\\OneDrive - Capgemini\\Desktop\\AwesomeTSProject-1\\src\\components\\InputText\\styles.js","statementMap":{},"fnMap":{},"branchMap":{},"s":{},"f":{},"b":{},"_coverageSchema":"1a1c01bbd47fc00a2c39e90264f33305004495a9","hash":"14ee63deb252f10e8dfb527a9fe494ff5ccc2afa"}
,"C:\\Users\\p146\\OneDrive - Capgemini\\Desktop\\AwesomeTSProject-1\\src\\components\\Label\\index.js": {"path":"C:\\Users\\p146\\OneDrive - Capgemini\\Desktop\\AwesomeTSProject-1\\src\\components\\Label\\index.js","statementMap":{"0":{"start":{"line":5,"column":14},"end":{"line":11,"column":1}},"1":{"start":{"line":6,"column":2},"end":{"line":10,"column":4}}},"fnMap":{"0":{"name":"(anonymous_0)","decl":{"start":{"line":5,"column":14},"end":{"line":5,"column":15}},"loc":{"start":{"line":5,"column":23},"end":{"line":11,"column":1}},"line":5}},"branchMap":{},"s":{"0":4,"1":246},"f":{"0":246},"b":{},"_coverageSchema":"1a1c01bbd47fc00a2c39e90264f33305004495a9","hash":"424252fcae62a39605fada514187438a15456cd6"}
,"C:\\Users\\p146\\OneDrive - Capgemini\\Desktop\\AwesomeTSProject-1\\src\\components\\Label\\style.js": {"path":"C:\\Users\\p146\\OneDrive - Capgemini\\Desktop\\AwesomeTSProject-1\\src\\components\\Label\\style.js","statementMap":{},"fnMap":{},"branchMap":{},"s":{},"f":{},"b":{},"_coverageSchema":"1a1c01bbd47fc00a2c39e90264f33305004495a9","hash":"299102649c614a027651f8cf7ef40b4cac3540aa"}
,"C:\\Users\\p146\\OneDrive - Capgemini\\Desktop\\AwesomeTSProject-1\\src\\components\\SelectBox\\index.js": {"path":"C:\\Users\\p146\\OneDrive - Capgemini\\Desktop\\AwesomeTSProject-1\\src\\components\\SelectBox\\index.js","statementMap":{"0":{"start":{"line":16,"column":18},"end":{"line":159,"column":1}},"1":{"start":{"line":17,"column":44},"end":{"line":17,"column":71}},"2":{"start":{"line":18,"column":34},"end":{"line":18,"column":49}},"3":{"start":{"line":19,"column":22},"end":{"line":30,"column":18}},"4":{"start":{"line":20,"column":16},"end":{"line":25,"column":5}},"5":{"start":{"line":26,"column":4},"end":{"line":28,"column":7}},"6":{"start":{"line":27,"column":6},"end":{"line":27,"column":25}},"7":{"start":{"line":29,"column":4},"end":{"line":29,"column":15}},"8":{"start":{"line":32,"column":24},"end":{"line":53,"column":8}},"9":{"start":{"line":33,"column":20},"end":{"line":40,"column":5}},"10":{"start":{"line":41,"column":4},"end":{"line":51,"column":5}},"11":{"start":{"line":42,"column":6},"end":{"line":50,"column":9}},"12":{"start":{"line":43,"column":8},"end":{"line":49,"column":10}},"13":{"start":{"line":52,"column":4},"end":{"line":52,"column":19}},"14":{"start":{"line":55,"column":22},"end":{"line":78,"column":43}},"15":{"start":{"line":56,"column":4},"end":{"line":77,"column":6}},"16":{"start":{"line":70,"column":10},"end":{"line":70,"column":38}},"17":{"start":{"line":71,"column":11},"end":{"line":71,"column":74}},"18":{"start":{"line":72,"column":10},"end":{"line":72,"column":52}},"19":{"start":{"line":80,"column":20},"end":{"line":84,"column":22}},"20":{"start":{"line":81,"column":4},"end":{"line":83,"column":5}},"21":{"start":{"line":82,"column":6},"end":{"line":82,"column":23}},"22":{"start":{"line":86,"column":21},"end":{"line":88,"column":3}},"23":{"start":{"line":87,"column":4},"end":{"line":87,"column":22}},"24":{"start":{"line":90,"column":18},"end":{"line":150,"column":78}},"25":{"start":{"line":91,"column":4},"end":{"line":149,"column":6}},"26":{"start":{"line":128,"column":54},"end":{"line":128,"column":72}},"27":{"start":{"line":135,"column":22},"end":{"line":135,"column":70}},"28":{"start":{"line":136,"column":22},"end":{"line":136,"column":50}},"29":{"start":{"line":137,"column":22},"end":{"line":137,"column":64}},"30":{"start":{"line":138,"column":12},"end":{"line":138,"column":37}},"31":{"start":{"line":151,"column":2},"end":{"line":158,"column":4}}},"fnMap":{"0":{"name":"(anonymous_0)","decl":{"start":{"line":16,"column":18},"end":{"line":16,"column":19}},"loc":{"start":{"line":16,"column":27},"end":{"line":159,"column":1}},"line":16},"1":{"name":"(anonymous_1)","decl":{"start":{"line":19,"column":30},"end":{"line":19,"column":31}},"loc":{"start":{"line":19,"column":36},"end":{"line":30,"column":3}},"line":19},"2":{"name":"(anonymous_2)","decl":{"start":{"line":26,"column":25},"end":{"line":26,"column":26}},"loc":{"start":{"line":26,"column":32},"end":{"line":28,"column":5}},"line":26},"3":{"name":"(anonymous_3)","decl":{"start":{"line":32,"column":36},"end":{"line":32,"column":37}},"loc":{"start":{"line":32,"column":44},"end":{"line":53,"column":3}},"line":32},"4":{"name":"(anonymous_4)","decl":{"start":{"line":42,"column":19},"end":{"line":42,"column":20}},"loc":{"start":{"line":42,"column":29},"end":{"line":50,"column":7}},"line":42},"5":{"name":"(anonymous_5)","decl":{"start":{"line":55,"column":30},"end":{"line":55,"column":31}},"loc":{"start":{"line":55,"column":36},"end":{"line":78,"column":3}},"line":55},"6":{"name":"(anonymous_6)","decl":{"start":{"line":69,"column":23},"end":{"line":69,"column":24}},"loc":{"start":{"line":69,"column":49},"end":{"line":73,"column":9}},"line":69},"7":{"name":"(anonymous_7)","decl":{"start":{"line":80,"column":32},"end":{"line":80,"column":33}},"loc":{"start":{"line":80,"column":38},"end":{"line":84,"column":3}},"line":80},"8":{"name":"(anonymous_8)","decl":{"start":{"line":86,"column":21},"end":{"line":86,"column":22}},"loc":{"start":{"line":86,"column":27},"end":{"line":88,"column":3}},"line":86},"9":{"name":"(anonymous_9)","decl":{"start":{"line":90,"column":26},"end":{"line":90,"column":27}},"loc":{"start":{"line":90,"column":32},"end":{"line":150,"column":3}},"line":90},"10":{"name":"(anonymous_10)","decl":{"start":{"line":128,"column":49},"end":{"line":128,"column":50}},"loc":{"start":{"line":128,"column":54},"end":{"line":128,"column":72}},"line":128},"11":{"name":"(anonymous_11)","decl":{"start":{"line":134,"column":35},"end":{"line":134,"column":36}},"loc":{"start":{"line":134,"column":61},"end":{"line":140,"column":21}},"line":134}},"branchMap":{"0":{"loc":{"start":{"line":41,"column":4},"end":{"line":51,"column":5}},"type":"if","locations":[{"start":{"line":41,"column":4},"end":{"line":51,"column":5}},{"start":{},"end":{}}],"line":41},"1":{"loc":{"start":{"line":41,"column":8},"end":{"line":41,"column":35}},"type":"binary-expr","locations":[{"start":{"line":41,"column":8},"end":{"line":41,"column":12}},{"start":{"line":41,"column":16},"end":{"line":41,"column":35}}],"line":41},"2":{"loc":{"start":{"line":63,"column":23},"end":{"line":63,"column":62}},"type":"cond-expr","locations":[{"start":{"line":63,"column":37},"end":{"line":63,"column":42}},{"start":{"line":63,"column":45},"end":{"line":63,"column":62}}],"line":63},"3":{"loc":{"start":{"line":64,"column":27},"end":{"line":66,"column":26}},"type":"cond-expr","locations":[{"start":{"line":65,"column":14},"end":{"line":65,"column":37}},{"start":{"line":66,"column":14},"end":{"line":66,"column":26}}],"line":64},"4":{"loc":{"start":{"line":81,"column":4},"end":{"line":83,"column":5}},"type":"if","locations":[{"start":{"line":81,"column":4},"end":{"line":83,"column":5}},{"start":{},"end":{}}],"line":81},"5":{"loc":{"start":{"line":98,"column":25},"end":{"line":98,"column":64}},"type":"cond-expr","locations":[{"start":{"line":98,"column":39},"end":{"line":98,"column":44}},{"start":{"line":98,"column":47},"end":{"line":98,"column":64}}],"line":98},"6":{"loc":{"start":{"line":99,"column":29},"end":{"line":101,"column":28}},"type":"cond-expr","locations":[{"start":{"line":100,"column":16},"end":{"line":100,"column":39}},{"start":{"line":101,"column":16},"end":{"line":101,"column":28}}],"line":99},"7":{"loc":{"start":{"line":109,"column":21},"end":{"line":109,"column":64}},"type":"cond-expr","locations":[{"start":{"line":109,"column":38},"end":{"line":109,"column":49}},{"start":{"line":109,"column":52},"end":{"line":109,"column":64}}],"line":109},"8":{"loc":{"start":{"line":116,"column":19},"end":{"line":116,"column":62}},"type":"cond-expr","locations":[{"start":{"line":116,"column":36},"end":{"line":116,"column":47}},{"start":{"line":116,"column":50},"end":{"line":116,"column":62}}],"line":116},"9":{"loc":{"start":{"line":153,"column":7},"end":{"line":153,"column":56}},"type":"cond-expr","locations":[{"start":{"line":153,"column":35},"end":{"line":153,"column":46}},{"start":{"line":153,"column":49},"end":{"line":153,"column":56}}],"line":153},"10":{"loc":{"start":{"line":154,"column":7},"end":{"line":156,"column":7}},"type":"binary-expr","locations":[{"start":{"line":154,"column":7},"end":{"line":154,"column":25}},{"start":{"line":155,"column":8},"end":{"line":155,"column":64}}],"line":154}},"s":{"0":5,"1":112,"2":109,"3":109,"4":50,"5":50,"6":27,"7":50,"8":109,"9":217,"10":217,"11":19,"12":57,"13":217,"14":109,"15":108,"16":0,"17":0,"18":0,"19":109,"20":1,"21":1,"22":109,"23":0,"24":109,"25":109,"26":0,"27":0,"28":0,"29":0,"30":0,"31":109},"f":{"0":112,"1":50,"2":27,"3":217,"4":57,"5":108,"6":0,"7":1,"8":0,"9":109,"10":0,"11":0},"b":{"0":[19,198],"1":[217,19],"2":[8,100],"3":[0,108],"4":[1,0],"5":[8,101],"6":[0,109],"7":[0,109],"8":[0,109],"9":[0,109],"10":[109,8]},"_coverageSchema":"1a1c01bbd47fc00a2c39e90264f33305004495a9","hash":"7eb4f6cbc92808e06ebaa06483a84db166690cf1"}
,"C:\\Users\\p146\\OneDrive - Capgemini\\Desktop\\AwesomeTSProject-1\\src\\components\\SelectBox\\style.js": {"path":"C:\\Users\\p146\\OneDrive - Capgemini\\Desktop\\AwesomeTSProject-1\\src\\components\\SelectBox\\style.js","statementMap":{"0":{"start":{"line":4,"column":15},"end":{"line":81,"column":2}}},"fnMap":{},"branchMap":{},"s":{"0":5},"f":{},"b":{},"_coverageSchema":"1a1c01bbd47fc00a2c39e90264f33305004495a9","hash":"39587d67863bd6fda56ecbd79968a37780319e3f"}
,"C:\\Users\\p146\\OneDrive - Capgemini\\Desktop\\AwesomeTSProject-1\\src\\controller\\activityData.js": {"path":"C:\\Users\\p146\\OneDrive - Capgemini\\Desktop\\AwesomeTSProject-1\\src\\controller\\activityData.js","statementMap":{"0":{"start":{"line":3,"column":35},"end":{"line":9,"column":1}},"1":{"start":{"line":4,"column":2},"end":{"line":8,"column":5}},"2":{"start":{"line":5,"column":4},"end":{"line":7,"column":13}},"3":{"start":{"line":6,"column":6},"end":{"line":6,"column":26}}},"fnMap":{"0":{"name":"(anonymous_0)","decl":{"start":{"line":3,"column":35},"end":{"line":3,"column":36}},"loc":{"start":{"line":3,"column":41},"end":{"line":9,"column":1}},"line":3},"1":{"name":"(anonymous_1)","decl":{"start":{"line":4,"column":21},"end":{"line":4,"column":22}},"loc":{"start":{"line":4,"column":32},"end":{"line":8,"column":3}},"line":4},"2":{"name":"(anonymous_2)","decl":{"start":{"line":5,"column":15},"end":{"line":5,"column":16}},"loc":{"start":{"line":5,"column":21},"end":{"line":7,"column":5}},"line":5}},"branchMap":{},"s":{"0":5,"1":11,"2":11,"3":0},"f":{"0":11,"1":11,"2":0},"b":{},"_coverageSchema":"1a1c01bbd47fc00a2c39e90264f33305004495a9","hash":"2e892e9a6fd91748b316bb685b50a6b23b5fe748"}
,"C:\\Users\\p146\\OneDrive - Capgemini\\Desktop\\AwesomeTSProject-1\\src\\screens\\CreateActivity.js": {"path":"C:\\Users\\p146\\OneDrive - Capgemini\\Desktop\\AwesomeTSProject-1\\src\\screens\\CreateActivity.js","statementMap":{"0":{"start":{"line":22,"column":23},"end":{"line":403,"column":1}},"1":{"start":{"line":23,"column":34},"end":{"line":23,"column":46}},"2":{"start":{"line":24,"column":34},"end":{"line":24,"column":49}},"3":{"start":{"line":25,"column":40},"end":{"line":25,"column":52}},"4":{"start":{"line":26,"column":55},"end":{"line":30,"column":4}},"5":{"start":{"line":31,"column":27},"end":{"line":31,"column":57}},"6":{"start":{"line":44,"column":19},"end":{"line":51,"column":3}},"7":{"start":{"line":45,"column":4},"end":{"line":45,"column":21}},"8":{"start":{"line":46,"column":23},"end":{"line":46,"column":34}},"9":{"start":{"line":47,"column":4},"end":{"line":47,"column":42}},"10":{"start":{"line":48,"column":4},"end":{"line":48,"column":18}},"11":{"start":{"line":49,"column":4},"end":{"line":49,"column":22}},"12":{"start":{"line":50,"column":4},"end":{"line":50,"column":48}},"13":{"start":{"line":53,"column":2},"end":{"line":59,"column":9}},"14":{"start":{"line":54,"column":4},"end":{"line":54,"column":21}},"15":{"start":{"line":55,"column":4},"end":{"line":58,"column":7}},"16":{"start":{"line":56,"column":6},"end":{"line":56,"column":24}},"17":{"start":{"line":57,"column":6},"end":{"line":57,"column":24}},"18":{"start":{"line":61,"column":2},"end":{"line":402,"column":4}},"19":{"start":{"line":77,"column":16},"end":{"line":79,"column":29}},"20":{"start":{"line":85,"column":14},"end":{"line":93,"column":16}},"21":{"start":{"line":106,"column":16},"end":{"line":108,"column":29}},"22":{"start":{"line":114,"column":14},"end":{"line":122,"column":16}},"23":{"start":{"line":134,"column":16},"end":{"line":136,"column":29}},"24":{"start":{"line":143,"column":14},"end":{"line":150,"column":16}},"25":{"start":{"line":162,"column":16},"end":{"line":164,"column":29}},"26":{"start":{"line":171,"column":14},"end":{"line":183,"column":16}},"27":{"start":{"line":180,"column":20},"end":{"line":180,"column":35}},"28":{"start":{"line":194,"column":14},"end":{"line":204,"column":16}},"29":{"start":{"line":201,"column":20},"end":{"line":201,"column":35}},"30":{"start":{"line":212,"column":14},"end":{"line":221,"column":16}},"31":{"start":{"line":219,"column":18},"end":{"line":219,"column":33}},"32":{"start":{"line":229,"column":14},"end":{"line":238,"column":16}},"33":{"start":{"line":236,"column":18},"end":{"line":236,"column":33}},"34":{"start":{"line":246,"column":14},"end":{"line":256,"column":16}},"35":{"start":{"line":254,"column":18},"end":{"line":254,"column":33}},"36":{"start":{"line":268,"column":16},"end":{"line":270,"column":29}},"37":{"start":{"line":277,"column":14},"end":{"line":289,"column":16}},"38":{"start":{"line":286,"column":20},"end":{"line":286,"column":35}},"39":{"start":{"line":302,"column":16},"end":{"line":304,"column":29}},"40":{"start":{"line":310,"column":14},"end":{"line":323,"column":16}},"41":{"start":{"line":319,"column":18},"end":{"line":319,"column":35}},"42":{"start":{"line":320,"column":18},"end":{"line":320,"column":54}},"43":{"start":{"line":321,"column":18},"end":{"line":321,"column":66}},"44":{"start":{"line":335,"column":14},"end":{"line":364,"column":27}},"45":{"start":{"line":346,"column":22},"end":{"line":346,"column":48}},"46":{"start":{"line":347,"column":22},"end":{"line":347,"column":45}},"47":{"start":{"line":372,"column":14},"end":{"line":380,"column":16}},"48":{"start":{"line":378,"column":18},"end":{"line":378,"column":33}}},"fnMap":{"0":{"name":"(anonymous_0)","decl":{"start":{"line":22,"column":23},"end":{"line":22,"column":24}},"loc":{"start":{"line":22,"column":32},"end":{"line":403,"column":1}},"line":22},"1":{"name":"(anonymous_1)","decl":{"start":{"line":44,"column":19},"end":{"line":44,"column":20}},"loc":{"start":{"line":44,"column":31},"end":{"line":51,"column":3}},"line":44},"2":{"name":"(anonymous_2)","decl":{"start":{"line":53,"column":12},"end":{"line":53,"column":13}},"loc":{"start":{"line":53,"column":18},"end":{"line":59,"column":3}},"line":53},"3":{"name":"(anonymous_3)","decl":{"start":{"line":55,"column":31},"end":{"line":55,"column":32}},"loc":{"start":{"line":55,"column":39},"end":{"line":58,"column":5}},"line":55},"4":{"name":"(anonymous_4)","decl":{"start":{"line":76,"column":24},"end":{"line":76,"column":25}},"loc":{"start":{"line":77,"column":16},"end":{"line":79,"column":29}},"line":77},"5":{"name":"(anonymous_5)","decl":{"start":{"line":81,"column":20},"end":{"line":81,"column":21}},"loc":{"start":{"line":85,"column":14},"end":{"line":93,"column":16}},"line":85},"6":{"name":"(anonymous_6)","decl":{"start":{"line":105,"column":24},"end":{"line":105,"column":25}},"loc":{"start":{"line":106,"column":16},"end":{"line":108,"column":29}},"line":106},"7":{"name":"(anonymous_7)","decl":{"start":{"line":110,"column":20},"end":{"line":110,"column":21}},"loc":{"start":{"line":114,"column":14},"end":{"line":122,"column":16}},"line":114},"8":{"name":"(anonymous_8)","decl":{"start":{"line":133,"column":24},"end":{"line":133,"column":25}},"loc":{"start":{"line":134,"column":16},"end":{"line":136,"column":29}},"line":134},"9":{"name":"(anonymous_9)","decl":{"start":{"line":139,"column":20},"end":{"line":139,"column":21}},"loc":{"start":{"line":143,"column":14},"end":{"line":150,"column":16}},"line":143},"10":{"name":"(anonymous_10)","decl":{"start":{"line":161,"column":24},"end":{"line":161,"column":25}},"loc":{"start":{"line":162,"column":16},"end":{"line":164,"column":29}},"line":162},"11":{"name":"(anonymous_11)","decl":{"start":{"line":167,"column":20},"end":{"line":167,"column":21}},"loc":{"start":{"line":170,"column":18},"end":{"line":184,"column":13}},"line":170},"12":{"name":"(anonymous_12)","decl":{"start":{"line":179,"column":32},"end":{"line":179,"column":33}},"loc":{"start":{"line":179,"column":40},"end":{"line":181,"column":19}},"line":179},"13":{"name":"(anonymous_13)","decl":{"start":{"line":193,"column":20},"end":{"line":193,"column":21}},"loc":{"start":{"line":193,"column":52},"end":{"line":205,"column":13}},"line":193},"14":{"name":"(anonymous_14)","decl":{"start":{"line":200,"column":32},"end":{"line":200,"column":33}},"loc":{"start":{"line":200,"column":40},"end":{"line":202,"column":19}},"line":200},"15":{"name":"(anonymous_15)","decl":{"start":{"line":211,"column":20},"end":{"line":211,"column":21}},"loc":{"start":{"line":212,"column":14},"end":{"line":221,"column":16}},"line":212},"16":{"name":"(anonymous_16)","decl":{"start":{"line":218,"column":30},"end":{"line":218,"column":31}},"loc":{"start":{"line":218,"column":38},"end":{"line":220,"column":17}},"line":218},"17":{"name":"(anonymous_17)","decl":{"start":{"line":228,"column":20},"end":{"line":228,"column":21}},"loc":{"start":{"line":229,"column":14},"end":{"line":238,"column":16}},"line":229},"18":{"name":"(anonymous_18)","decl":{"start":{"line":235,"column":30},"end":{"line":235,"column":31}},"loc":{"start":{"line":235,"column":38},"end":{"line":237,"column":17}},"line":235},"19":{"name":"(anonymous_19)","decl":{"start":{"line":245,"column":20},"end":{"line":245,"column":21}},"loc":{"start":{"line":246,"column":14},"end":{"line":256,"column":16}},"line":246},"20":{"name":"(anonymous_20)","decl":{"start":{"line":253,"column":30},"end":{"line":253,"column":31}},"loc":{"start":{"line":253,"column":38},"end":{"line":255,"column":17}},"line":253},"21":{"name":"(anonymous_21)","decl":{"start":{"line":267,"column":24},"end":{"line":267,"column":25}},"loc":{"start":{"line":268,"column":16},"end":{"line":270,"column":29}},"line":268},"22":{"name":"(anonymous_22)","decl":{"start":{"line":273,"column":20},"end":{"line":273,"column":21}},"loc":{"start":{"line":276,"column":18},"end":{"line":290,"column":13}},"line":276},"23":{"name":"(anonymous_23)","decl":{"start":{"line":285,"column":32},"end":{"line":285,"column":33}},"loc":{"start":{"line":285,"column":40},"end":{"line":287,"column":19}},"line":285},"24":{"name":"(anonymous_24)","decl":{"start":{"line":301,"column":24},"end":{"line":301,"column":25}},"loc":{"start":{"line":302,"column":16},"end":{"line":304,"column":29}},"line":302},"25":{"name":"(anonymous_25)","decl":{"start":{"line":306,"column":20},"end":{"line":306,"column":21}},"loc":{"start":{"line":310,"column":14},"end":{"line":323,"column":16}},"line":310},"26":{"name":"(anonymous_26)","decl":{"start":{"line":318,"column":31},"end":{"line":318,"column":32}},"loc":{"start":{"line":318,"column":41},"end":{"line":322,"column":17}},"line":318},"27":{"name":"(anonymous_27)","decl":{"start":{"line":331,"column":20},"end":{"line":331,"column":21}},"loc":{"start":{"line":335,"column":14},"end":{"line":364,"column":27}},"line":335},"28":{"name":"(anonymous_28)","decl":{"start":{"line":345,"column":43},"end":{"line":345,"column":44}},"loc":{"start":{"line":345,"column":59},"end":{"line":348,"column":21}},"line":345},"29":{"name":"(anonymous_29)","decl":{"start":{"line":371,"column":20},"end":{"line":371,"column":21}},"loc":{"start":{"line":372,"column":14},"end":{"line":380,"column":16}},"line":372},"30":{"name":"(anonymous_30)","decl":{"start":{"line":377,"column":30},"end":{"line":377,"column":31}},"loc":{"start":{"line":377,"column":38},"end":{"line":379,"column":17}},"line":377}},"branchMap":{"0":{"loc":{"start":{"line":66,"column":20},"end":{"line":66,"column":64}},"type":"cond-expr","locations":[{"start":{"line":66,"column":44},"end":{"line":66,"column":53}},{"start":{"line":66,"column":56},"end":{"line":66,"column":64}}],"line":66},"1":{"loc":{"start":{"line":77,"column":16},"end":{"line":79,"column":29}},"type":"cond-expr","locations":[{"start":{"line":78,"column":20},"end":{"line":78,"column":50}},{"start":{"line":79,"column":20},"end":{"line":79,"column":29}}],"line":77},"2":{"loc":{"start":{"line":88,"column":30},"end":{"line":88,"column":67}},"type":"binary-expr","locations":[{"start":{"line":88,"column":30},"end":{"line":88,"column":41}},{"start":{"line":88,"column":45},"end":{"line":88,"column":67}}],"line":88},"3":{"loc":{"start":{"line":89,"column":23},"end":{"line":89,"column":60}},"type":"binary-expr","locations":[{"start":{"line":89,"column":23},"end":{"line":89,"column":45}},{"start":{"line":89,"column":49},"end":{"line":89,"column":60}}],"line":89},"4":{"loc":{"start":{"line":91,"column":29},"end":{"line":91,"column":61}},"type":"binary-expr","locations":[{"start":{"line":91,"column":29},"end":{"line":91,"column":34}},{"start":{"line":91,"column":38},"end":{"line":91,"column":61}}],"line":91},"5":{"loc":{"start":{"line":106,"column":16},"end":{"line":108,"column":29}},"type":"cond-expr","locations":[{"start":{"line":107,"column":20},"end":{"line":107,"column":50}},{"start":{"line":108,"column":20},"end":{"line":108,"column":29}}],"line":106},"6":{"loc":{"start":{"line":116,"column":30},"end":{"line":116,"column":69}},"type":"binary-expr","locations":[{"start":{"line":116,"column":30},"end":{"line":116,"column":41}},{"start":{"line":116,"column":45},"end":{"line":116,"column":69}}],"line":116},"7":{"loc":{"start":{"line":117,"column":23},"end":{"line":117,"column":62}},"type":"binary-expr","locations":[{"start":{"line":117,"column":23},"end":{"line":117,"column":47}},{"start":{"line":117,"column":51},"end":{"line":117,"column":62}}],"line":117},"8":{"loc":{"start":{"line":120,"column":29},"end":{"line":120,"column":61}},"type":"binary-expr","locations":[{"start":{"line":120,"column":29},"end":{"line":120,"column":34}},{"start":{"line":120,"column":38},"end":{"line":120,"column":61}}],"line":120},"9":{"loc":{"start":{"line":134,"column":16},"end":{"line":136,"column":29}},"type":"cond-expr","locations":[{"start":{"line":135,"column":20},"end":{"line":135,"column":50}},{"start":{"line":136,"column":20},"end":{"line":136,"column":29}}],"line":134},"10":{"loc":{"start":{"line":145,"column":30},"end":{"line":145,"column":66}},"type":"binary-expr","locations":[{"start":{"line":145,"column":30},"end":{"line":145,"column":41}},{"start":{"line":145,"column":45},"end":{"line":145,"column":66}}],"line":145},"11":{"loc":{"start":{"line":146,"column":23},"end":{"line":146,"column":59}},"type":"binary-expr","locations":[{"start":{"line":146,"column":23},"end":{"line":146,"column":44}},{"start":{"line":146,"column":48},"end":{"line":146,"column":59}}],"line":146},"12":{"loc":{"start":{"line":148,"column":29},"end":{"line":148,"column":61}},"type":"binary-expr","locations":[{"start":{"line":148,"column":29},"end":{"line":148,"column":34}},{"start":{"line":148,"column":38},"end":{"line":148,"column":61}}],"line":148},"13":{"loc":{"start":{"line":162,"column":16},"end":{"line":164,"column":29}},"type":"cond-expr","locations":[{"start":{"line":163,"column":20},"end":{"line":163,"column":52}},{"start":{"line":164,"column":20},"end":{"line":164,"column":29}}],"line":162},"14":{"loc":{"start":{"line":174,"column":32},"end":{"line":174,"column":69}},"type":"binary-expr","locations":[{"start":{"line":174,"column":32},"end":{"line":174,"column":43}},{"start":{"line":174,"column":47},"end":{"line":174,"column":69}}],"line":174},"15":{"loc":{"start":{"line":175,"column":25},"end":{"line":175,"column":62}},"type":"binary-expr","locations":[{"start":{"line":175,"column":25},"end":{"line":175,"column":47}},{"start":{"line":175,"column":51},"end":{"line":175,"column":62}}],"line":175},"16":{"loc":{"start":{"line":268,"column":16},"end":{"line":270,"column":29}},"type":"cond-expr","locations":[{"start":{"line":269,"column":20},"end":{"line":269,"column":52}},{"start":{"line":270,"column":20},"end":{"line":270,"column":29}}],"line":268},"17":{"loc":{"start":{"line":280,"column":32},"end":{"line":280,"column":72}},"type":"binary-expr","locations":[{"start":{"line":280,"column":32},"end":{"line":280,"column":43}},{"start":{"line":280,"column":47},"end":{"line":280,"column":72}}],"line":280},"18":{"loc":{"start":{"line":281,"column":25},"end":{"line":281,"column":65}},"type":"binary-expr","locations":[{"start":{"line":281,"column":25},"end":{"line":281,"column":50}},{"start":{"line":281,"column":54},"end":{"line":281,"column":65}}],"line":281},"19":{"loc":{"start":{"line":302,"column":16},"end":{"line":304,"column":29}},"type":"cond-expr","locations":[{"start":{"line":303,"column":20},"end":{"line":303,"column":50}},{"start":{"line":304,"column":20},"end":{"line":304,"column":29}}],"line":302},"20":{"loc":{"start":{"line":315,"column":30},"end":{"line":315,"column":74}},"type":"binary-expr","locations":[{"start":{"line":315,"column":30},"end":{"line":315,"column":41}},{"start":{"line":315,"column":45},"end":{"line":315,"column":74}}],"line":315},"21":{"loc":{"start":{"line":316,"column":23},"end":{"line":316,"column":67}},"type":"binary-expr","locations":[{"start":{"line":316,"column":23},"end":{"line":316,"column":52}},{"start":{"line":316,"column":56},"end":{"line":316,"column":67}}],"line":316},"22":{"loc":{"start":{"line":317,"column":29},"end":{"line":317,"column":61}},"type":"binary-expr","locations":[{"start":{"line":317,"column":29},"end":{"line":317,"column":34}},{"start":{"line":317,"column":38},"end":{"line":317,"column":61}}],"line":317},"23":{"loc":{"start":{"line":321,"column":33},"end":{"line":321,"column":64}},"type":"binary-expr","locations":[{"start":{"line":321,"column":33},"end":{"line":321,"column":58}},{"start":{"line":321,"column":62},"end":{"line":321,"column":64}}],"line":321},"24":{"loc":{"start":{"line":338,"column":33},"end":{"line":338,"column":73}},"type":"cond-expr","locations":[{"start":{"line":338,"column":58},"end":{"line":338,"column":64}},{"start":{"line":338,"column":67},"end":{"line":338,"column":73}}],"line":338},"25":{"loc":{"start":{"line":358,"column":19},"end":{"line":362,"column":19}},"type":"binary-expr","locations":[{"start":{"line":358,"column":19},"end":{"line":358,"column":30}},{"start":{"line":358,"column":34},"end":{"line":358,"column":63}},{"start":{"line":359,"column":20},"end":{"line":361,"column":27}}],"line":358},"26":{"loc":{"start":{"line":392,"column":7},"end":{"line":400,"column":7}},"type":"binary-expr","locations":[{"start":{"line":392,"column":7},"end":{"line":392,"column":16}},{"start":{"line":393,"column":8},"end":{"line":399,"column":15}}],"line":392}},"s":{"0":2,"1":11,"2":10,"3":10,"4":10,"5":10,"6":10,"7":0,"8":0,"9":0,"10":0,"11":0,"12":0,"13":10,"14":5,"15":5,"16":0,"17":0,"18":10,"19":0,"20":11,"21":0,"22":11,"23":0,"24":11,"25":0,"26":11,"27":0,"28":10,"29":0,"30":10,"31":0,"32":10,"33":0,"34":10,"35":0,"36":3,"37":13,"38":2,"39":0,"40":11,"41":0,"42":0,"43":0,"44":11,"45":0,"46":0,"47":10,"48":0},"f":{"0":11,"1":0,"2":5,"3":0,"4":0,"5":11,"6":0,"7":11,"8":0,"9":11,"10":0,"11":11,"12":0,"13":10,"14":0,"15":10,"16":0,"17":10,"18":0,"19":10,"20":0,"21":3,"22":13,"23":2,"24":0,"25":11,"26":0,"27":11,"28":0,"29":10,"30":0},"b":{"0":[10,0],"1":[0,0],"2":[11,1],"3":[11,1],"4":[11,11],"5":[0,0],"6":[11,1],"7":[11,1],"8":[11,11],"9":[0,0],"10":[11,1],"11":[11,1],"12":[11,11],"13":[0,0],"14":[11,1],"15":[11,1],"16":[0,3],"17":[13,1],"18":[13,0],"19":[0,0],"20":[11,1],"21":[11,1],"22":[11,11],"23":[0,0],"24":[0,11],"25":[11,1,1],"26":[10,5]},"_coverageSchema":"1a1c01bbd47fc00a2c39e90264f33305004495a9","hash":"e8b6d305332de99cd5193c7093ad46dd324fa0e4"}
,"C:\\Users\\p146\\OneDrive - Capgemini\\Desktop\\AwesomeTSProject-1\\src\\screens\\SerachActivity.js": {"path":"C:\\Users\\p146\\OneDrive - Capgemini\\Desktop\\AwesomeTSProject-1\\src\\screens\\SerachActivity.js","statementMap":{"0":{"start":{"line":20,"column":23},"end":{"line":215,"column":1}},"1":{"start":{"line":21,"column":2},"end":{"line":21,"column":20}},"2":{"start":{"line":22,"column":34},"end":{"line":22,"column":46}},"3":{"start":{"line":23,"column":34},"end":{"line":23,"column":49}},"4":{"start":{"line":24,"column":45},"end":{"line":28,"column":4}},"5":{"start":{"line":30,"column":2},"end":{"line":36,"column":9}},"6":{"start":{"line":31,"column":4},"end":{"line":31,"column":21}},"7":{"start":{"line":32,"column":4},"end":{"line":35,"column":7}},"8":{"start":{"line":33,"column":6},"end":{"line":33,"column":24}},"9":{"start":{"line":34,"column":6},"end":{"line":34,"column":24}},"10":{"start":{"line":38,"column":23},"end":{"line":40,"column":3}},"11":{"start":{"line":39,"column":4},"end":{"line":39,"column":70}},"12":{"start":{"line":42,"column":42},"end":{"line":42,"column":57}},"13":{"start":{"line":43,"column":34},"end":{"line":43,"column":45}},"14":{"start":{"line":45,"column":22},"end":{"line":49,"column":3}},"15":{"start":{"line":46,"column":4},"end":{"line":46,"column":26}},"16":{"start":{"line":48,"column":6},"end":{"line":48,"column":21}},"17":{"start":{"line":50,"column":24},"end":{"line":53,"column":3}},"18":{"start":{"line":51,"column":4},"end":{"line":51,"column":27}},"19":{"start":{"line":52,"column":4},"end":{"line":52,"column":25}},"20":{"start":{"line":55,"column":28},"end":{"line":57,"column":3}},"21":{"start":{"line":56,"column":4},"end":{"line":56,"column":27}},"22":{"start":{"line":59,"column":23},"end":{"line":61,"column":3}},"23":{"start":{"line":60,"column":4},"end":{"line":60,"column":71}},"24":{"start":{"line":64,"column":2},"end":{"line":214,"column":4}},"25":{"start":{"line":80,"column":16},"end":{"line":82,"column":24}},"26":{"start":{"line":88,"column":14},"end":{"line":96,"column":16}},"27":{"start":{"line":109,"column":16},"end":{"line":111,"column":24}},"28":{"start":{"line":117,"column":14},"end":{"line":125,"column":16}},"29":{"start":{"line":137,"column":16},"end":{"line":139,"column":24}},"30":{"start":{"line":146,"column":14},"end":{"line":153,"column":16}},"31":{"start":{"line":165,"column":16},"end":{"line":165,"column":76}},"32":{"start":{"line":172,"column":14},"end":{"line":183,"column":16}},"33":{"start":{"line":180,"column":20},"end":{"line":180,"column":35}}},"fnMap":{"0":{"name":"(anonymous_0)","decl":{"start":{"line":20,"column":23},"end":{"line":20,"column":24}},"loc":{"start":{"line":20,"column":32},"end":{"line":215,"column":1}},"line":20},"1":{"name":"(anonymous_1)","decl":{"start":{"line":30,"column":12},"end":{"line":30,"column":13}},"loc":{"start":{"line":30,"column":18},"end":{"line":36,"column":3}},"line":30},"2":{"name":"(anonymous_2)","decl":{"start":{"line":32,"column":31},"end":{"line":32,"column":32}},"loc":{"start":{"line":32,"column":39},"end":{"line":35,"column":5}},"line":32},"3":{"name":"(anonymous_3)","decl":{"start":{"line":38,"column":23},"end":{"line":38,"column":24}},"loc":{"start":{"line":38,"column":31},"end":{"line":40,"column":3}},"line":38},"4":{"name":"(anonymous_4)","decl":{"start":{"line":45,"column":22},"end":{"line":45,"column":23}},"loc":{"start":{"line":45,"column":30},"end":{"line":49,"column":3}},"line":45},"5":{"name":"(anonymous_5)","decl":{"start":{"line":50,"column":24},"end":{"line":50,"column":25}},"loc":{"start":{"line":50,"column":32},"end":{"line":53,"column":3}},"line":50},"6":{"name":"(anonymous_6)","decl":{"start":{"line":55,"column":28},"end":{"line":55,"column":29}},"loc":{"start":{"line":55,"column":34},"end":{"line":57,"column":3}},"line":55},"7":{"name":"(anonymous_7)","decl":{"start":{"line":59,"column":23},"end":{"line":59,"column":24}},"loc":{"start":{"line":59,"column":31},"end":{"line":61,"column":3}},"line":59},"8":{"name":"(anonymous_8)","decl":{"start":{"line":79,"column":24},"end":{"line":79,"column":25}},"loc":{"start":{"line":80,"column":16},"end":{"line":82,"column":24}},"line":80},"9":{"name":"(anonymous_9)","decl":{"start":{"line":84,"column":20},"end":{"line":84,"column":21}},"loc":{"start":{"line":88,"column":14},"end":{"line":96,"column":16}},"line":88},"10":{"name":"(anonymous_10)","decl":{"start":{"line":108,"column":24},"end":{"line":108,"column":25}},"loc":{"start":{"line":109,"column":16},"end":{"line":111,"column":24}},"line":109},"11":{"name":"(anonymous_11)","decl":{"start":{"line":113,"column":20},"end":{"line":113,"column":21}},"loc":{"start":{"line":117,"column":14},"end":{"line":125,"column":16}},"line":117},"12":{"name":"(anonymous_12)","decl":{"start":{"line":136,"column":24},"end":{"line":136,"column":25}},"loc":{"start":{"line":137,"column":16},"end":{"line":139,"column":24}},"line":137},"13":{"name":"(anonymous_13)","decl":{"start":{"line":142,"column":20},"end":{"line":142,"column":21}},"loc":{"start":{"line":146,"column":14},"end":{"line":153,"column":16}},"line":146},"14":{"name":"(anonymous_14)","decl":{"start":{"line":164,"column":24},"end":{"line":164,"column":25}},"loc":{"start":{"line":165,"column":16},"end":{"line":165,"column":76}},"line":165},"15":{"name":"(anonymous_15)","decl":{"start":{"line":168,"column":20},"end":{"line":168,"column":21}},"loc":{"start":{"line":171,"column":18},"end":{"line":184,"column":13}},"line":171},"16":{"name":"(anonymous_16)","decl":{"start":{"line":179,"column":32},"end":{"line":179,"column":33}},"loc":{"start":{"line":179,"column":40},"end":{"line":181,"column":19}},"line":179}},"branchMap":{"0":{"loc":{"start":{"line":69,"column":20},"end":{"line":69,"column":64}},"type":"cond-expr","locations":[{"start":{"line":69,"column":44},"end":{"line":69,"column":53}},{"start":{"line":69,"column":56},"end":{"line":69,"column":64}}],"line":69},"1":{"loc":{"start":{"line":80,"column":16},"end":{"line":82,"column":24}},"type":"cond-expr","locations":[{"start":{"line":81,"column":20},"end":{"line":81,"column":50}},{"start":{"line":82,"column":20},"end":{"line":82,"column":24}}],"line":80},"2":{"loc":{"start":{"line":91,"column":30},"end":{"line":91,"column":67}},"type":"binary-expr","locations":[{"start":{"line":91,"column":30},"end":{"line":91,"column":41}},{"start":{"line":91,"column":45},"end":{"line":91,"column":67}}],"line":91},"3":{"loc":{"start":{"line":92,"column":23},"end":{"line":92,"column":60}},"type":"binary-expr","locations":[{"start":{"line":92,"column":23},"end":{"line":92,"column":45}},{"start":{"line":92,"column":49},"end":{"line":92,"column":60}}],"line":92},"4":{"loc":{"start":{"line":94,"column":29},"end":{"line":94,"column":61}},"type":"binary-expr","locations":[{"start":{"line":94,"column":29},"end":{"line":94,"column":34}},{"start":{"line":94,"column":38},"end":{"line":94,"column":61}}],"line":94},"5":{"loc":{"start":{"line":109,"column":16},"end":{"line":111,"column":24}},"type":"cond-expr","locations":[{"start":{"line":110,"column":20},"end":{"line":110,"column":50}},{"start":{"line":111,"column":20},"end":{"line":111,"column":24}}],"line":109},"6":{"loc":{"start":{"line":119,"column":30},"end":{"line":119,"column":69}},"type":"binary-expr","locations":[{"start":{"line":119,"column":30},"end":{"line":119,"column":41}},{"start":{"line":119,"column":45},"end":{"line":119,"column":69}}],"line":119},"7":{"loc":{"start":{"line":120,"column":23},"end":{"line":120,"column":62}},"type":"binary-expr","locations":[{"start":{"line":120,"column":23},"end":{"line":120,"column":47}},{"start":{"line":120,"column":51},"end":{"line":120,"column":62}}],"line":120},"8":{"loc":{"start":{"line":123,"column":29},"end":{"line":123,"column":61}},"type":"binary-expr","locations":[{"start":{"line":123,"column":29},"end":{"line":123,"column":34}},{"start":{"line":123,"column":38},"end":{"line":123,"column":61}}],"line":123},"9":{"loc":{"start":{"line":137,"column":16},"end":{"line":139,"column":24}},"type":"cond-expr","locations":[{"start":{"line":138,"column":20},"end":{"line":138,"column":50}},{"start":{"line":139,"column":20},"end":{"line":139,"column":24}}],"line":137},"10":{"loc":{"start":{"line":148,"column":30},"end":{"line":148,"column":66}},"type":"binary-expr","locations":[{"start":{"line":148,"column":30},"end":{"line":148,"column":41}},{"start":{"line":148,"column":45},"end":{"line":148,"column":66}}],"line":148},"11":{"loc":{"start":{"line":149,"column":23},"end":{"line":149,"column":59}},"type":"binary-expr","locations":[{"start":{"line":149,"column":23},"end":{"line":149,"column":44}},{"start":{"line":149,"column":48},"end":{"line":149,"column":59}}],"line":149},"12":{"loc":{"start":{"line":151,"column":29},"end":{"line":151,"column":61}},"type":"binary-expr","locations":[{"start":{"line":151,"column":29},"end":{"line":151,"column":34}},{"start":{"line":151,"column":38},"end":{"line":151,"column":61}}],"line":151},"13":{"loc":{"start":{"line":165,"column":16},"end":{"line":165,"column":76}},"type":"cond-expr","locations":[{"start":{"line":165,"column":37},"end":{"line":165,"column":69}},{"start":{"line":165,"column":72},"end":{"line":165,"column":76}}],"line":165},"14":{"loc":{"start":{"line":174,"column":32},"end":{"line":174,"column":72}},"type":"binary-expr","locations":[{"start":{"line":174,"column":32},"end":{"line":174,"column":43}},{"start":{"line":174,"column":47},"end":{"line":174,"column":72}}],"line":174},"15":{"loc":{"start":{"line":175,"column":25},"end":{"line":175,"column":65}},"type":"binary-expr","locations":[{"start":{"line":175,"column":25},"end":{"line":175,"column":50}},{"start":{"line":175,"column":54},"end":{"line":175,"column":65}}],"line":175},"16":{"loc":{"start":{"line":205,"column":7},"end":{"line":212,"column":7}},"type":"binary-expr","locations":[{"start":{"line":205,"column":7},"end":{"line":205,"column":16}},{"start":{"line":206,"column":8},"end":{"line":211,"column":15}}],"line":205}},"s":{"0":1,"1":9,"2":9,"3":9,"4":9,"5":9,"6":3,"7":3,"8":0,"9":0,"10":9,"11":0,"12":9,"13":9,"14":9,"15":2,"16":2,"17":9,"18":0,"19":0,"20":9,"21":1,"22":9,"23":0,"24":9,"25":0,"26":9,"27":0,"28":9,"29":0,"30":9,"31":0,"32":9,"33":0},"f":{"0":9,"1":3,"2":0,"3":0,"4":2,"5":0,"6":1,"7":0,"8":0,"9":9,"10":0,"11":9,"12":0,"13":9,"14":0,"15":9,"16":0},"b":{"0":[9,0],"1":[0,0],"2":[9,0],"3":[9,0],"4":[9,9],"5":[0,0],"6":[9,0],"7":[9,0],"8":[9,9],"9":[0,0],"10":[9,0],"11":[9,0],"12":[9,9],"13":[0,0],"14":[9,0],"15":[9,0],"16":[9,6]},"_coverageSchema":"1a1c01bbd47fc00a2c39e90264f33305004495a9","hash":"087574150b2f45c07176325a6f96633f1f671703"}
,"C:\\Users\\p146\\OneDrive - Capgemini\\Desktop\\AwesomeTSProject-1\\src\\screens\\ViewEditActivity.js": {"path":"C:\\Users\\p146\\OneDrive - Capgemini\\Desktop\\AwesomeTSProject-1\\src\\screens\\ViewEditActivity.js","statementMap":{"0":{"start":{"line":21,"column":25},"end":{"line":410,"column":1}},"1":{"start":{"line":23,"column":34},"end":{"line":23,"column":46}},"2":{"start":{"line":24,"column":40},"end":{"line":24,"column":52}},"3":{"start":{"line":25,"column":34},"end":{"line":25,"column":49}},"4":{"start":{"line":26,"column":55},"end":{"line":30,"column":4}},"5":{"start":{"line":31,"column":27},"end":{"line":31,"column":57}},"6":{"start":{"line":33,"column":19},"end":{"line":40,"column":3}},"7":{"start":{"line":34,"column":4},"end":{"line":34,"column":21}},"8":{"start":{"line":35,"column":23},"end":{"line":35,"column":34}},"9":{"start":{"line":36,"column":4},"end":{"line":36,"column":42}},"10":{"start":{"line":37,"column":4},"end":{"line":37,"column":18}},"11":{"start":{"line":38,"column":4},"end":{"line":38,"column":22}},"12":{"start":{"line":39,"column":4},"end":{"line":39,"column":48}},"13":{"start":{"line":42,"column":2},"end":{"line":49,"column":9}},"14":{"start":{"line":43,"column":4},"end":{"line":43,"column":21}},"15":{"start":{"line":44,"column":4},"end":{"line":47,"column":7}},"16":{"start":{"line":45,"column":6},"end":{"line":45,"column":24}},"17":{"start":{"line":46,"column":6},"end":{"line":46,"column":24}},"18":{"start":{"line":51,"column":20},"end":{"line":51,"column":46}},"19":{"start":{"line":53,"column":3},"end":{"line":59,"column":61}},"20":{"start":{"line":54,"column":4},"end":{"line":58,"column":76}},"21":{"start":{"line":55,"column":3},"end":{"line":55,"column":7}},"22":{"start":{"line":58,"column":6},"end":{"line":58,"column":75}},"23":{"start":{"line":61,"column":2},"end":{"line":409,"column":4}},"24":{"start":{"line":77,"column":16},"end":{"line":79,"column":24}},"25":{"start":{"line":86,"column":14},"end":{"line":98,"column":16}},"26":{"start":{"line":96,"column":18},"end":{"line":96,"column":35}},"27":{"start":{"line":111,"column":16},"end":{"line":113,"column":24}},"28":{"start":{"line":120,"column":14},"end":{"line":128,"column":16}},"29":{"start":{"line":140,"column":16},"end":{"line":142,"column":24}},"30":{"start":{"line":150,"column":14},"end":{"line":158,"column":16}},"31":{"start":{"line":170,"column":16},"end":{"line":170,"column":76}},"32":{"start":{"line":178,"column":14},"end":{"line":190,"column":16}},"33":{"start":{"line":187,"column":20},"end":{"line":187,"column":37}},"34":{"start":{"line":202,"column":14},"end":{"line":212,"column":16}},"35":{"start":{"line":209,"column":20},"end":{"line":209,"column":35}},"36":{"start":{"line":221,"column":14},"end":{"line":230,"column":16}},"37":{"start":{"line":228,"column":18},"end":{"line":228,"column":33}},"38":{"start":{"line":239,"column":14},"end":{"line":248,"column":16}},"39":{"start":{"line":246,"column":18},"end":{"line":246,"column":33}},"40":{"start":{"line":257,"column":14},"end":{"line":266,"column":16}},"41":{"start":{"line":264,"column":18},"end":{"line":264,"column":33}},"42":{"start":{"line":279,"column":16},"end":{"line":279,"column":76}},"43":{"start":{"line":286,"column":14},"end":{"line":297,"column":16}},"44":{"start":{"line":294,"column":20},"end":{"line":294,"column":35}},"45":{"start":{"line":310,"column":16},"end":{"line":312,"column":29}},"46":{"start":{"line":319,"column":14},"end":{"line":332,"column":16}},"47":{"start":{"line":328,"column":18},"end":{"line":328,"column":35}},"48":{"start":{"line":329,"column":18},"end":{"line":329,"column":47}},"49":{"start":{"line":330,"column":18},"end":{"line":330,"column":66}},"50":{"start":{"line":344,"column":14},"end":{"line":375,"column":27}},"51":{"start":{"line":356,"column":22},"end":{"line":356,"column":48}},"52":{"start":{"line":357,"column":22},"end":{"line":357,"column":45}},"53":{"start":{"line":384,"column":14},"end":{"line":392,"column":16}},"54":{"start":{"line":390,"column":18},"end":{"line":390,"column":33}}},"fnMap":{"0":{"name":"(anonymous_0)","decl":{"start":{"line":21,"column":25},"end":{"line":21,"column":26}},"loc":{"start":{"line":21,"column":34},"end":{"line":410,"column":1}},"line":21},"1":{"name":"(anonymous_1)","decl":{"start":{"line":33,"column":19},"end":{"line":33,"column":20}},"loc":{"start":{"line":33,"column":31},"end":{"line":40,"column":3}},"line":33},"2":{"name":"(anonymous_2)","decl":{"start":{"line":42,"column":12},"end":{"line":42,"column":13}},"loc":{"start":{"line":42,"column":18},"end":{"line":49,"column":3}},"line":42},"3":{"name":"(anonymous_3)","decl":{"start":{"line":44,"column":31},"end":{"line":44,"column":32}},"loc":{"start":{"line":44,"column":39},"end":{"line":47,"column":5}},"line":44},"4":{"name":"(anonymous_4)","decl":{"start":{"line":53,"column":13},"end":{"line":53,"column":14}},"loc":{"start":{"line":53,"column":19},"end":{"line":58,"column":77}},"line":53},"5":{"name":"(anonymous_5)","decl":{"start":{"line":76,"column":24},"end":{"line":76,"column":25}},"loc":{"start":{"line":77,"column":16},"end":{"line":79,"column":24}},"line":77},"6":{"name":"(anonymous_6)","decl":{"start":{"line":82,"column":20},"end":{"line":82,"column":21}},"loc":{"start":{"line":86,"column":14},"end":{"line":98,"column":16}},"line":86},"7":{"name":"(anonymous_7)","decl":{"start":{"line":95,"column":31},"end":{"line":95,"column":32}},"loc":{"start":{"line":95,"column":41},"end":{"line":97,"column":17}},"line":95},"8":{"name":"(anonymous_8)","decl":{"start":{"line":110,"column":24},"end":{"line":110,"column":25}},"loc":{"start":{"line":111,"column":16},"end":{"line":113,"column":24}},"line":111},"9":{"name":"(anonymous_9)","decl":{"start":{"line":116,"column":20},"end":{"line":116,"column":21}},"loc":{"start":{"line":120,"column":14},"end":{"line":128,"column":16}},"line":120},"10":{"name":"(anonymous_10)","decl":{"start":{"line":139,"column":24},"end":{"line":139,"column":25}},"loc":{"start":{"line":140,"column":16},"end":{"line":142,"column":24}},"line":140},"11":{"name":"(anonymous_11)","decl":{"start":{"line":146,"column":20},"end":{"line":146,"column":21}},"loc":{"start":{"line":150,"column":14},"end":{"line":158,"column":16}},"line":150},"12":{"name":"(anonymous_12)","decl":{"start":{"line":169,"column":24},"end":{"line":169,"column":25}},"loc":{"start":{"line":170,"column":16},"end":{"line":170,"column":76}},"line":170},"13":{"name":"(anonymous_13)","decl":{"start":{"line":174,"column":20},"end":{"line":174,"column":21}},"loc":{"start":{"line":177,"column":18},"end":{"line":191,"column":13}},"line":177},"14":{"name":"(anonymous_14)","decl":{"start":{"line":186,"column":32},"end":{"line":186,"column":33}},"loc":{"start":{"line":186,"column":42},"end":{"line":188,"column":19}},"line":186},"15":{"name":"(anonymous_15)","decl":{"start":{"line":201,"column":20},"end":{"line":201,"column":21}},"loc":{"start":{"line":201,"column":52},"end":{"line":213,"column":13}},"line":201},"16":{"name":"(anonymous_16)","decl":{"start":{"line":208,"column":32},"end":{"line":208,"column":33}},"loc":{"start":{"line":208,"column":40},"end":{"line":210,"column":19}},"line":208},"17":{"name":"(anonymous_17)","decl":{"start":{"line":220,"column":20},"end":{"line":220,"column":21}},"loc":{"start":{"line":221,"column":14},"end":{"line":230,"column":16}},"line":221},"18":{"name":"(anonymous_18)","decl":{"start":{"line":227,"column":30},"end":{"line":227,"column":31}},"loc":{"start":{"line":227,"column":38},"end":{"line":229,"column":17}},"line":227},"19":{"name":"(anonymous_19)","decl":{"start":{"line":238,"column":20},"end":{"line":238,"column":21}},"loc":{"start":{"line":239,"column":14},"end":{"line":248,"column":16}},"line":239},"20":{"name":"(anonymous_20)","decl":{"start":{"line":245,"column":30},"end":{"line":245,"column":31}},"loc":{"start":{"line":245,"column":38},"end":{"line":247,"column":17}},"line":245},"21":{"name":"(anonymous_21)","decl":{"start":{"line":256,"column":20},"end":{"line":256,"column":21}},"loc":{"start":{"line":257,"column":14},"end":{"line":266,"column":16}},"line":257},"22":{"name":"(anonymous_22)","decl":{"start":{"line":263,"column":30},"end":{"line":263,"column":31}},"loc":{"start":{"line":263,"column":38},"end":{"line":265,"column":17}},"line":263},"23":{"name":"(anonymous_23)","decl":{"start":{"line":278,"column":24},"end":{"line":278,"column":25}},"loc":{"start":{"line":279,"column":16},"end":{"line":279,"column":76}},"line":279},"24":{"name":"(anonymous_24)","decl":{"start":{"line":282,"column":20},"end":{"line":282,"column":21}},"loc":{"start":{"line":285,"column":18},"end":{"line":298,"column":13}},"line":285},"25":{"name":"(anonymous_25)","decl":{"start":{"line":293,"column":32},"end":{"line":293,"column":33}},"loc":{"start":{"line":293,"column":40},"end":{"line":295,"column":19}},"line":293},"26":{"name":"(anonymous_26)","decl":{"start":{"line":309,"column":24},"end":{"line":309,"column":25}},"loc":{"start":{"line":310,"column":16},"end":{"line":312,"column":29}},"line":310},"27":{"name":"(anonymous_27)","decl":{"start":{"line":315,"column":20},"end":{"line":315,"column":21}},"loc":{"start":{"line":319,"column":14},"end":{"line":332,"column":16}},"line":319},"28":{"name":"(anonymous_28)","decl":{"start":{"line":327,"column":31},"end":{"line":327,"column":32}},"loc":{"start":{"line":327,"column":41},"end":{"line":331,"column":17}},"line":327},"29":{"name":"(anonymous_29)","decl":{"start":{"line":340,"column":20},"end":{"line":340,"column":21}},"loc":{"start":{"line":344,"column":14},"end":{"line":375,"column":27}},"line":344},"30":{"name":"(anonymous_30)","decl":{"start":{"line":355,"column":43},"end":{"line":355,"column":44}},"loc":{"start":{"line":355,"column":59},"end":{"line":358,"column":21}},"line":355},"31":{"name":"(anonymous_31)","decl":{"start":{"line":383,"column":20},"end":{"line":383,"column":21}},"loc":{"start":{"line":384,"column":14},"end":{"line":392,"column":16}},"line":384},"32":{"name":"(anonymous_32)","decl":{"start":{"line":389,"column":30},"end":{"line":389,"column":31}},"loc":{"start":{"line":389,"column":38},"end":{"line":391,"column":17}},"line":389}},"branchMap":{"0":{"loc":{"start":{"line":54,"column":4},"end":{"line":58,"column":76}},"type":"if","locations":[{"start":{"line":54,"column":4},"end":{"line":58,"column":76}},{"start":{"line":57,"column":3},"end":{"line":58,"column":76}}],"line":54},"1":{"loc":{"start":{"line":66,"column":20},"end":{"line":66,"column":64}},"type":"cond-expr","locations":[{"start":{"line":66,"column":44},"end":{"line":66,"column":53}},{"start":{"line":66,"column":56},"end":{"line":66,"column":64}}],"line":66},"2":{"loc":{"start":{"line":77,"column":16},"end":{"line":79,"column":24}},"type":"cond-expr","locations":[{"start":{"line":78,"column":20},"end":{"line":78,"column":50}},{"start":{"line":79,"column":20},"end":{"line":79,"column":24}}],"line":77},"3":{"loc":{"start":{"line":89,"column":30},"end":{"line":89,"column":67}},"type":"binary-expr","locations":[{"start":{"line":89,"column":30},"end":{"line":89,"column":41}},{"start":{"line":89,"column":45},"end":{"line":89,"column":67}}],"line":89},"4":{"loc":{"start":{"line":91,"column":26},"end":{"line":91,"column":77}},"type":"cond-expr","locations":[{"start":{"line":91,"column":65},"end":{"line":91,"column":69}},{"start":{"line":91,"column":72},"end":{"line":91,"column":77}}],"line":91},"5":{"loc":{"start":{"line":92,"column":23},"end":{"line":92,"column":60}},"type":"binary-expr","locations":[{"start":{"line":92,"column":23},"end":{"line":92,"column":45}},{"start":{"line":92,"column":49},"end":{"line":92,"column":60}}],"line":92},"6":{"loc":{"start":{"line":111,"column":16},"end":{"line":113,"column":24}},"type":"cond-expr","locations":[{"start":{"line":112,"column":20},"end":{"line":112,"column":50}},{"start":{"line":113,"column":20},"end":{"line":113,"column":24}}],"line":111},"7":{"loc":{"start":{"line":122,"column":30},"end":{"line":122,"column":69}},"type":"binary-expr","locations":[{"start":{"line":122,"column":30},"end":{"line":122,"column":41}},{"start":{"line":122,"column":45},"end":{"line":122,"column":69}}],"line":122},"8":{"loc":{"start":{"line":123,"column":23},"end":{"line":123,"column":62}},"type":"binary-expr","locations":[{"start":{"line":123,"column":23},"end":{"line":123,"column":47}},{"start":{"line":123,"column":51},"end":{"line":123,"column":62}}],"line":123},"9":{"loc":{"start":{"line":124,"column":26},"end":{"line":124,"column":76}},"type":"cond-expr","locations":[{"start":{"line":124,"column":64},"end":{"line":124,"column":68}},{"start":{"line":124,"column":71},"end":{"line":124,"column":76}}],"line":124},"10":{"loc":{"start":{"line":126,"column":29},"end":{"line":126,"column":60}},"type":"binary-expr","locations":[{"start":{"line":126,"column":29},"end":{"line":126,"column":34}},{"start":{"line":126,"column":38},"end":{"line":126,"column":60}}],"line":126},"11":{"loc":{"start":{"line":140,"column":16},"end":{"line":142,"column":24}},"type":"cond-expr","locations":[{"start":{"line":141,"column":20},"end":{"line":141,"column":50}},{"start":{"line":142,"column":20},"end":{"line":142,"column":24}}],"line":140},"12":{"loc":{"start":{"line":152,"column":30},"end":{"line":152,"column":66}},"type":"binary-expr","locations":[{"start":{"line":152,"column":30},"end":{"line":152,"column":41}},{"start":{"line":152,"column":45},"end":{"line":152,"column":66}}],"line":152},"13":{"loc":{"start":{"line":153,"column":23},"end":{"line":153,"column":59}},"type":"binary-expr","locations":[{"start":{"line":153,"column":23},"end":{"line":153,"column":44}},{"start":{"line":153,"column":48},"end":{"line":153,"column":59}}],"line":153},"14":{"loc":{"start":{"line":154,"column":26},"end":{"line":154,"column":76}},"type":"cond-expr","locations":[{"start":{"line":154,"column":64},"end":{"line":154,"column":68}},{"start":{"line":154,"column":71},"end":{"line":154,"column":76}}],"line":154},"15":{"loc":{"start":{"line":156,"column":29},"end":{"line":156,"column":53}},"type":"binary-expr","locations":[{"start":{"line":156,"column":29},"end":{"line":156,"column":34}},{"start":{"line":156,"column":38},"end":{"line":156,"column":53}}],"line":156},"16":{"loc":{"start":{"line":170,"column":16},"end":{"line":170,"column":76}},"type":"cond-expr","locations":[{"start":{"line":170,"column":37},"end":{"line":170,"column":69}},{"start":{"line":170,"column":72},"end":{"line":170,"column":76}}],"line":170},"17":{"loc":{"start":{"line":181,"column":32},"end":{"line":181,"column":69}},"type":"binary-expr","locations":[{"start":{"line":181,"column":32},"end":{"line":181,"column":43}},{"start":{"line":181,"column":47},"end":{"line":181,"column":69}}],"line":181},"18":{"loc":{"start":{"line":182,"column":25},"end":{"line":182,"column":62}},"type":"binary-expr","locations":[{"start":{"line":182,"column":25},"end":{"line":182,"column":47}},{"start":{"line":182,"column":51},"end":{"line":182,"column":62}}],"line":182},"19":{"loc":{"start":{"line":279,"column":16},"end":{"line":279,"column":76}},"type":"cond-expr","locations":[{"start":{"line":279,"column":37},"end":{"line":279,"column":69}},{"start":{"line":279,"column":72},"end":{"line":279,"column":76}}],"line":279},"20":{"loc":{"start":{"line":288,"column":32},"end":{"line":288,"column":72}},"type":"binary-expr","locations":[{"start":{"line":288,"column":32},"end":{"line":288,"column":43}},{"start":{"line":288,"column":47},"end":{"line":288,"column":72}}],"line":288},"21":{"loc":{"start":{"line":289,"column":25},"end":{"line":289,"column":65}},"type":"binary-expr","locations":[{"start":{"line":289,"column":25},"end":{"line":289,"column":50}},{"start":{"line":289,"column":54},"end":{"line":289,"column":65}}],"line":289},"22":{"loc":{"start":{"line":310,"column":16},"end":{"line":312,"column":29}},"type":"cond-expr","locations":[{"start":{"line":311,"column":20},"end":{"line":311,"column":50}},{"start":{"line":312,"column":20},"end":{"line":312,"column":29}}],"line":310},"23":{"loc":{"start":{"line":321,"column":26},"end":{"line":321,"column":76}},"type":"cond-expr","locations":[{"start":{"line":321,"column":64},"end":{"line":321,"column":68}},{"start":{"line":321,"column":71},"end":{"line":321,"column":76}}],"line":321},"24":{"loc":{"start":{"line":324,"column":30},"end":{"line":324,"column":74}},"type":"binary-expr","locations":[{"start":{"line":324,"column":30},"end":{"line":324,"column":41}},{"start":{"line":324,"column":45},"end":{"line":324,"column":74}}],"line":324},"25":{"loc":{"start":{"line":325,"column":23},"end":{"line":325,"column":67}},"type":"binary-expr","locations":[{"start":{"line":325,"column":23},"end":{"line":325,"column":52}},{"start":{"line":325,"column":56},"end":{"line":325,"column":67}}],"line":325},"26":{"loc":{"start":{"line":326,"column":29},"end":{"line":326,"column":60}},"type":"binary-expr","locations":[{"start":{"line":326,"column":29},"end":{"line":326,"column":34}},{"start":{"line":326,"column":38},"end":{"line":326,"column":60}}],"line":326},"27":{"loc":{"start":{"line":330,"column":33},"end":{"line":330,"column":64}},"type":"binary-expr","locations":[{"start":{"line":330,"column":33},"end":{"line":330,"column":58}},{"start":{"line":330,"column":62},"end":{"line":330,"column":64}}],"line":330},"28":{"loc":{"start":{"line":348,"column":20},"end":{"line":348,"column":73}},"type":"cond-expr","locations":[{"start":{"line":348,"column":58},"end":{"line":348,"column":64}},{"start":{"line":348,"column":67},"end":{"line":348,"column":73}}],"line":348},"29":{"loc":{"start":{"line":369,"column":19},"end":{"line":373,"column":19}},"type":"binary-expr","locations":[{"start":{"line":369,"column":19},"end":{"line":369,"column":30}},{"start":{"line":369,"column":34},"end":{"line":369,"column":63}},{"start":{"line":370,"column":20},"end":{"line":372,"column":27}}],"line":369},"30":{"loc":{"start":{"line":400,"column":7},"end":{"line":407,"column":7}},"type":"binary-expr","locations":[{"start":{"line":400,"column":7},"end":{"line":400,"column":16}},{"start":{"line":401,"column":8},"end":{"line":406,"column":15}}],"line":400}},"s":{"0":1,"1":7,"2":6,"3":6,"4":6,"5":6,"6":6,"7":0,"8":0,"9":0,"10":0,"11":0,"12":0,"13":6,"14":3,"15":3,"16":0,"17":0,"18":6,"19":6,"20":3,"21":3,"22":0,"23":6,"24":0,"25":7,"26":0,"27":0,"28":7,"29":0,"30":7,"31":3,"32":9,"33":2,"34":6,"35":0,"36":6,"37":0,"38":6,"39":0,"40":6,"41":0,"42":0,"43":7,"44":0,"45":0,"46":7,"47":0,"48":0,"49":0,"50":7,"51":0,"52":0,"53":6,"54":0},"f":{"0":7,"1":0,"2":3,"3":0,"4":3,"5":0,"6":7,"7":0,"8":0,"9":7,"10":0,"11":7,"12":3,"13":9,"14":2,"15":6,"16":0,"17":6,"18":0,"19":6,"20":0,"21":6,"22":0,"23":0,"24":7,"25":0,"26":0,"27":7,"28":0,"29":7,"30":0,"31":6,"32":0},"b":{"0":[3,0],"1":[6,0],"2":[0,0],"3":[7,1],"4":[0,7],"5":[7,1],"6":[0,0],"7":[7,1],"8":[7,1],"9":[0,7],"10":[7,7],"11":[0,0],"12":[7,1],"13":[7,1],"14":[0,7],"15":[7,7],"16":[0,3],"17":[9,1],"18":[9,0],"19":[0,0],"20":[7,1],"21":[7,1],"22":[0,0],"23":[0,7],"24":[7,1],"25":[7,1],"26":[7,7],"27":[0,0],"28":[0,7],"29":[7,1,1],"30":[6,3]},"_coverageSchema":"1a1c01bbd47fc00a2c39e90264f33305004495a9","hash":"e02a9576cd0a6dc874fd2105e3c983f388d61854"}
,"C:\\Users\\p146\\OneDrive - Capgemini\\Desktop\\AwesomeTSProject-1\\src\\screens\\createActivityStyle.js": {"path":"C:\\Users\\p146\\OneDrive - Capgemini\\Desktop\\AwesomeTSProject-1\\src\\screens\\createActivityStyle.js","statementMap":{},"fnMap":{},"branchMap":{},"s":{},"f":{},"b":{},"_coverageSchema":"1a1c01bbd47fc00a2c39e90264f33305004495a9","hash":"ee833af28493b5cebe97782bd2a1ee28713d199d"}
,"C:\\Users\\p146\\OneDrive - Capgemini\\Desktop\\AwesomeTSProject-1\\src\\utils\\color.js": {"path":"C:\\Users\\p146\\OneDrive - Capgemini\\Desktop\\AwesomeTSProject-1\\src\\utils\\color.js","statementMap":{},"fnMap":{},"branchMap":{},"s":{},"f":{},"b":{},"_coverageSchema":"1a1c01bbd47fc00a2c39e90264f33305004495a9","hash":"726854dcd86bdda5d978cdea3f04eed150185cf4"}
,"C:\\Users\\p146\\OneDrive - Capgemini\\Desktop\\AwesomeTSProject-1\\src\\utils\\constants.js": {"path":"C:\\Users\\p146\\OneDrive - Capgemini\\Desktop\\AwesomeTSProject-1\\src\\utils\\constants.js","statementMap":{"0":{"start":{"line":1,"column":19},"end":{"line":84,"column":1}},"1":{"start":{"line":86,"column":19},"end":{"line":173,"column":1}},"2":{"start":{"line":175,"column":14},"end":{"line":181,"column":1}},"3":{"start":{"line":176,"column":2},"end":{"line":180,"column":5}},"4":{"start":{"line":177,"column":4},"end":{"line":179,"column":13}},"5":{"start":{"line":178,"column":6},"end":{"line":178,"column":20}},"6":{"start":{"line":183,"column":32},"end":{"line":183,"column":47}}},"fnMap":{"0":{"name":"(anonymous_0)","decl":{"start":{"line":175,"column":14},"end":{"line":175,"column":15}},"loc":{"start":{"line":175,"column":20},"end":{"line":181,"column":1}},"line":175},"1":{"name":"(anonymous_1)","decl":{"start":{"line":176,"column":21},"end":{"line":176,"column":22}},"loc":{"start":{"line":176,"column":42},"end":{"line":180,"column":3}},"line":176},"2":{"name":"(anonymous_2)","decl":{"start":{"line":177,"column":15},"end":{"line":177,"column":16}},"loc":{"start":{"line":177,"column":21},"end":{"line":179,"column":5}},"line":177}},"branchMap":{},"s":{"0":6,"1":6,"2":6,"3":0,"4":0,"5":0,"6":6},"f":{"0":0,"1":0,"2":0},"b":{},"_coverageSchema":"1a1c01bbd47fc00a2c39e90264f33305004495a9","hash":"be0c65e41685ae9deecc56aa152a9d268b1ed8ab"}
}
