TN:
SF:src\components\ActivityTable\index.js
FN:7,(anonymous_0)
FN:26,(anonymous_1)
FN:47,(anonymous_2)
FN:59,(anonymous_3)
FN:67,(anonymous_4)
FNF:5
FNH:5
FNDA:17,(anonymous_0)
FNDA:40,(anonymous_1)
FNDA:2,(anonymous_2)
FNDA:1,(anonymous_3)
FNDA:3,(anonymous_4)
DA:7,2
DA:9,17
DA:27,40
DA:48,2
DA:60,1
DA:68,3
LF:6
LH:6
BRDA:25,0,0,17
BRDA:25,0,1,16
BRF:2
BRH:2
end_of_record
TN:
SF:src\components\ActivityTable\styles.js
FNF:0
FNH:0
LF:0
LH:0
BRF:0
BRH:0
end_of_record
TN:
SF:src\components\AlertBox\index.js
FN:5,(anonymous_0)
FNF:1
FNH:1
FNDA:19,(anonymous_0)
DA:5,2
DA:6,19
DA:8,19
LF:3
LH:3
BRDA:18,0,0,13
BRDA:18,0,1,6
BRF:2
BRH:2
end_of_record
TN:
SF:src\components\AlertBox\styles.js
FNF:0
FNH:0
LF:0
LH:0
BRF:0
BRH:0
end_of_record
TN:
SF:src\components\Button\index.js
FN:5,(anonymous_0)
FNF:1
FNH:1
FNDA:22,(anonymous_0)
DA:5,4
DA:6,22
LF:2
LH:2
BRF:0
BRH:0
end_of_record
TN:
SF:src\components\Button\style.js
FNF:0
FNH:0
LF:0
LH:0
BRF:0
BRH:0
end_of_record
TN:
SF:src\components\InputText\index.js
FN:7,(anonymous_0)
FNF:1
FNH:1
FNDA:142,(anonymous_0)
DA:7,5
DA:8,142
DA:38,5
DA:42,5
LF:4
LH:4
BRDA:13,0,0,0
BRDA:13,0,1,142
BRDA:18,1,0,142
BRDA:18,1,1,0
BRDA:21,2,0,2
BRDA:21,2,1,140
BRDA:22,3,0,2
BRDA:22,3,1,140
BRDA:23,4,0,64
BRDA:23,4,1,78
BRDA:31,5,0,142
BRDA:31,5,1,5
BRF:12
BRH:10
end_of_record
TN:
SF:src\components\InputText\styles.js
FNF:0
FNH:0
LF:0
LH:0
BRF:0
BRH:0
end_of_record
TN:
SF:src\components\Label\index.js
FN:5,(anonymous_0)
FNF:1
FNH:1
FNDA:246,(anonymous_0)
DA:5,4
DA:6,246
LF:2
LH:2
BRF:0
BRH:0
end_of_record
TN:
SF:src\components\Label\style.js
FNF:0
FNH:0
LF:0
LH:0
BRF:0
BRH:0
end_of_record
TN:
SF:src\components\SelectBox\index.js
FN:16,(anonymous_0)
FN:19,(anonymous_1)
FN:26,(anonymous_2)
FN:32,(anonymous_3)
FN:42,(anonymous_4)
FN:55,(anonymous_5)
FN:69,(anonymous_6)
FN:80,(anonymous_7)
FN:86,(anonymous_8)
FN:90,(anonymous_9)
FN:128,(anonymous_10)
FN:134,(anonymous_11)
FNF:12
FNH:8
FNDA:112,(anonymous_0)
FNDA:50,(anonymous_1)
FNDA:27,(anonymous_2)
FNDA:217,(anonymous_3)
FNDA:57,(anonymous_4)
FNDA:108,(anonymous_5)
FNDA:0,(anonymous_6)
FNDA:1,(anonymous_7)
FNDA:0,(anonymous_8)
FNDA:109,(anonymous_9)
FNDA:0,(anonymous_10)
FNDA:0,(anonymous_11)
DA:16,5
DA:17,112
DA:18,109
DA:19,109
DA:20,50
DA:26,50
DA:27,27
DA:29,50
DA:32,109
DA:33,217
DA:41,217
DA:42,19
DA:43,57
DA:52,217
DA:55,109
DA:56,108
DA:70,0
DA:71,0
DA:72,0
DA:80,109
DA:81,1
DA:82,1
DA:86,109
DA:87,0
DA:90,109
DA:91,109
DA:128,0
DA:135,0
DA:136,0
DA:137,0
DA:138,0
DA:151,109
LF:32
LH:23
BRDA:41,0,0,19
BRDA:41,0,1,198
BRDA:41,1,0,217
BRDA:41,1,1,19
BRDA:63,2,0,8
BRDA:63,2,1,100
BRDA:64,3,0,0
BRDA:64,3,1,108
BRDA:81,4,0,1
BRDA:81,4,1,0
BRDA:98,5,0,8
BRDA:98,5,1,101
BRDA:99,6,0,0
BRDA:99,6,1,109
BRDA:109,7,0,0
BRDA:109,7,1,109
BRDA:116,8,0,0
BRDA:116,8,1,109
BRDA:153,9,0,0
BRDA:153,9,1,109
BRDA:154,10,0,109
BRDA:154,10,1,8
BRF:22
BRH:16
end_of_record
TN:
SF:src\components\SelectBox\style.js
FNF:0
FNH:0
DA:4,5
LF:1
LH:1
BRF:0
BRH:0
end_of_record
TN:
SF:src\controller\activityData.js
FN:3,(anonymous_0)
FN:4,(anonymous_1)
FN:5,(anonymous_2)
FNF:3
FNH:2
FNDA:11,(anonymous_0)
FNDA:11,(anonymous_1)
FNDA:0,(anonymous_2)
DA:3,5
DA:4,11
DA:5,11
DA:6,0
LF:4
LH:3
BRF:0
BRH:0
end_of_record
TN:
SF:src\screens\CreateActivity.js
FN:22,(anonymous_0)
FN:44,(anonymous_1)
FN:53,(anonymous_2)
FN:55,(anonymous_3)
FN:76,(anonymous_4)
FN:81,(anonymous_5)
FN:105,(anonymous_6)
FN:110,(anonymous_7)
FN:133,(anonymous_8)
FN:139,(anonymous_9)
FN:161,(anonymous_10)
FN:167,(anonymous_11)
FN:179,(anonymous_12)
FN:193,(anonymous_13)
FN:200,(anonymous_14)
FN:211,(anonymous_15)
FN:218,(anonymous_16)
FN:228,(anonymous_17)
FN:235,(anonymous_18)
FN:245,(anonymous_19)
FN:253,(anonymous_20)
FN:267,(anonymous_21)
FN:273,(anonymous_22)
FN:285,(anonymous_23)
FN:301,(anonymous_24)
FN:306,(anonymous_25)
FN:318,(anonymous_26)
FN:331,(anonymous_27)
FN:345,(anonymous_28)
FN:371,(anonymous_29)
FN:377,(anonymous_30)
FNF:31
FNH:16
FNDA:11,(anonymous_0)
FNDA:0,(anonymous_1)
FNDA:5,(anonymous_2)
FNDA:0,(anonymous_3)
FNDA:0,(anonymous_4)
FNDA:11,(anonymous_5)
FNDA:0,(anonymous_6)
FNDA:11,(anonymous_7)
FNDA:0,(anonymous_8)
FNDA:11,(anonymous_9)
FNDA:0,(anonymous_10)
FNDA:11,(anonymous_11)
FNDA:0,(anonymous_12)
FNDA:10,(anonymous_13)
FNDA:0,(anonymous_14)
FNDA:10,(anonymous_15)
FNDA:0,(anonymous_16)
FNDA:10,(anonymous_17)
FNDA:0,(anonymous_18)
FNDA:10,(anonymous_19)
FNDA:0,(anonymous_20)
FNDA:3,(anonymous_21)
FNDA:13,(anonymous_22)
FNDA:2,(anonymous_23)
FNDA:0,(anonymous_24)
FNDA:11,(anonymous_25)
FNDA:0,(anonymous_26)
FNDA:11,(anonymous_27)
FNDA:0,(anonymous_28)
FNDA:10,(anonymous_29)
FNDA:0,(anonymous_30)
DA:22,2
DA:23,11
DA:24,10
DA:25,10
DA:26,10
DA:31,10
DA:44,10
DA:45,0
DA:46,0
DA:47,0
DA:48,0
DA:49,0
DA:50,0
DA:53,10
DA:54,5
DA:55,5
DA:56,0
DA:57,0
DA:61,10
DA:77,0
DA:85,11
DA:106,0
DA:114,11
DA:134,0
DA:143,11
DA:162,0
DA:171,11
DA:180,0
DA:194,10
DA:201,0
DA:212,10
DA:219,0
DA:229,10
DA:236,0
DA:246,10
DA:254,0
DA:268,3
DA:277,13
DA:286,2
DA:302,0
DA:310,11
DA:319,0
DA:320,0
DA:321,0
DA:335,11
DA:346,0
DA:347,0
DA:372,10
DA:378,0
LF:49
LH:25
BRDA:66,0,0,10
BRDA:66,0,1,0
BRDA:77,1,0,0
BRDA:77,1,1,0
BRDA:88,2,0,11
BRDA:88,2,1,1
BRDA:89,3,0,11
BRDA:89,3,1,1
BRDA:91,4,0,11
BRDA:91,4,1,11
BRDA:106,5,0,0
BRDA:106,5,1,0
BRDA:116,6,0,11
BRDA:116,6,1,1
BRDA:117,7,0,11
BRDA:117,7,1,1
BRDA:120,8,0,11
BRDA:120,8,1,11
BRDA:134,9,0,0
BRDA:134,9,1,0
BRDA:145,10,0,11
BRDA:145,10,1,1
BRDA:146,11,0,11
BRDA:146,11,1,1
BRDA:148,12,0,11
BRDA:148,12,1,11
BRDA:162,13,0,0
BRDA:162,13,1,0
BRDA:174,14,0,11
BRDA:174,14,1,1
BRDA:175,15,0,11
BRDA:175,15,1,1
BRDA:268,16,0,0
BRDA:268,16,1,3
BRDA:280,17,0,13
BRDA:280,17,1,1
BRDA:281,18,0,13
BRDA:281,18,1,0
BRDA:302,19,0,0
BRDA:302,19,1,0
BRDA:315,20,0,11
BRDA:315,20,1,1
BRDA:316,21,0,11
BRDA:316,21,1,1
BRDA:317,22,0,11
BRDA:317,22,1,11
BRDA:321,23,0,0
BRDA:321,23,1,0
BRDA:338,24,0,0
BRDA:338,24,1,11
BRDA:358,25,0,11
BRDA:358,25,1,1
BRDA:358,25,2,1
BRDA:392,26,0,10
BRDA:392,26,1,5
BRF:55
BRH:39
end_of_record
TN:
SF:src\screens\SerachActivity.js
FN:20,(anonymous_0)
FN:30,(anonymous_1)
FN:32,(anonymous_2)
FN:38,(anonymous_3)
FN:45,(anonymous_4)
FN:50,(anonymous_5)
FN:55,(anonymous_6)
FN:59,(anonymous_7)
FN:79,(anonymous_8)
FN:84,(anonymous_9)
FN:108,(anonymous_10)
FN:113,(anonymous_11)
FN:136,(anonymous_12)
FN:142,(anonymous_13)
FN:164,(anonymous_14)
FN:168,(anonymous_15)
FN:179,(anonymous_16)
FNF:17
FNH:8
FNDA:9,(anonymous_0)
FNDA:3,(anonymous_1)
FNDA:0,(anonymous_2)
FNDA:0,(anonymous_3)
FNDA:2,(anonymous_4)
FNDA:0,(anonymous_5)
FNDA:1,(anonymous_6)
FNDA:0,(anonymous_7)
FNDA:0,(anonymous_8)
FNDA:9,(anonymous_9)
FNDA:0,(anonymous_10)
FNDA:9,(anonymous_11)
FNDA:0,(anonymous_12)
FNDA:9,(anonymous_13)
FNDA:0,(anonymous_14)
FNDA:9,(anonymous_15)
FNDA:0,(anonymous_16)
DA:20,1
DA:21,9
DA:22,9
DA:23,9
DA:24,9
DA:30,9
DA:31,3
DA:32,3
DA:33,0
DA:34,0
DA:38,9
DA:39,0
DA:42,9
DA:43,9
DA:45,9
DA:46,2
DA:48,2
DA:50,9
DA:51,0
DA:52,0
DA:55,9
DA:56,1
DA:59,9
DA:60,0
DA:64,9
DA:80,0
DA:88,9
DA:109,0
DA:117,9
DA:137,0
DA:146,9
DA:165,0
DA:172,9
DA:180,0
LF:34
LH:23
BRDA:69,0,0,9
BRDA:69,0,1,0
BRDA:80,1,0,0
BRDA:80,1,1,0
BRDA:91,2,0,9
BRDA:91,2,1,0
BRDA:92,3,0,9
BRDA:92,3,1,0
BRDA:94,4,0,9
BRDA:94,4,1,9
BRDA:109,5,0,0
BRDA:109,5,1,0
BRDA:119,6,0,9
BRDA:119,6,1,0
BRDA:120,7,0,9
BRDA:120,7,1,0
BRDA:123,8,0,9
BRDA:123,8,1,9
BRDA:137,9,0,0
BRDA:137,9,1,0
BRDA:148,10,0,9
BRDA:148,10,1,0
BRDA:149,11,0,9
BRDA:149,11,1,0
BRDA:151,12,0,9
BRDA:151,12,1,9
BRDA:165,13,0,0
BRDA:165,13,1,0
BRDA:174,14,0,9
BRDA:174,14,1,0
BRDA:175,15,0,9
BRDA:175,15,1,0
BRDA:205,16,0,9
BRDA:205,16,1,6
BRF:34
BRH:17
end_of_record
TN:
SF:src\screens\ViewEditActivity.js
FN:21,(anonymous_0)
FN:33,(anonymous_1)
FN:42,(anonymous_2)
FN:44,(anonymous_3)
FN:53,(anonymous_4)
FN:76,(anonymous_5)
FN:82,(anonymous_6)
FN:95,(anonymous_7)
FN:110,(anonymous_8)
FN:116,(anonymous_9)
FN:139,(anonymous_10)
FN:146,(anonymous_11)
FN:169,(anonymous_12)
FN:174,(anonymous_13)
FN:186,(anonymous_14)
FN:201,(anonymous_15)
FN:208,(anonymous_16)
FN:220,(anonymous_17)
FN:227,(anonymous_18)
FN:238,(anonymous_19)
FN:245,(anonymous_20)
FN:256,(anonymous_21)
FN:263,(anonymous_22)
FN:278,(anonymous_23)
FN:282,(anonymous_24)
FN:293,(anonymous_25)
FN:309,(anonymous_26)
FN:315,(anonymous_27)
FN:327,(anonymous_28)
FN:340,(anonymous_29)
FN:355,(anonymous_30)
FN:383,(anonymous_31)
FN:389,(anonymous_32)
FNF:33
FNH:17
FNDA:7,(anonymous_0)
FNDA:0,(anonymous_1)
FNDA:3,(anonymous_2)
FNDA:0,(anonymous_3)
FNDA:3,(anonymous_4)
FNDA:0,(anonymous_5)
FNDA:7,(anonymous_6)
FNDA:0,(anonymous_7)
FNDA:0,(anonymous_8)
FNDA:7,(anonymous_9)
FNDA:0,(anonymous_10)
FNDA:7,(anonymous_11)
FNDA:3,(anonymous_12)
FNDA:9,(anonymous_13)
FNDA:2,(anonymous_14)
FNDA:6,(anonymous_15)
FNDA:0,(anonymous_16)
FNDA:6,(anonymous_17)
FNDA:0,(anonymous_18)
FNDA:6,(anonymous_19)
FNDA:0,(anonymous_20)
FNDA:6,(anonymous_21)
FNDA:0,(anonymous_22)
FNDA:0,(anonymous_23)
FNDA:7,(anonymous_24)
FNDA:0,(anonymous_25)
FNDA:0,(anonymous_26)
FNDA:7,(anonymous_27)
FNDA:0,(anonymous_28)
FNDA:7,(anonymous_29)
FNDA:0,(anonymous_30)
FNDA:6,(anonymous_31)
FNDA:0,(anonymous_32)
DA:21,1
DA:23,7
DA:24,6
DA:25,6
DA:26,6
DA:31,6
DA:33,6
DA:34,0
DA:35,0
DA:36,0
DA:37,0
DA:38,0
DA:39,0
DA:42,6
DA:43,3
DA:44,3
DA:45,0
DA:46,0
DA:51,6
DA:53,6
DA:54,3
DA:55,3
DA:58,0
DA:61,6
DA:77,0
DA:86,7
DA:96,0
DA:111,0
DA:120,7
DA:140,0
DA:150,7
DA:170,3
DA:178,9
DA:187,2
DA:202,6
DA:209,0
DA:221,6
DA:228,0
DA:239,6
DA:246,0
DA:257,6
DA:264,0
DA:279,0
DA:286,7
DA:294,0
DA:310,0
DA:319,7
DA:328,0
DA:329,0
DA:330,0
DA:344,7
DA:356,0
DA:357,0
DA:384,6
DA:390,0
LF:55
LH:29
BRDA:54,0,0,3
BRDA:54,0,1,0
BRDA:66,1,0,6
BRDA:66,1,1,0
BRDA:77,2,0,0
BRDA:77,2,1,0
BRDA:89,3,0,7
BRDA:89,3,1,1
BRDA:91,4,0,0
BRDA:91,4,1,7
BRDA:92,5,0,7
BRDA:92,5,1,1
BRDA:111,6,0,0
BRDA:111,6,1,0
BRDA:122,7,0,7
BRDA:122,7,1,1
BRDA:123,8,0,7
BRDA:123,8,1,1
BRDA:124,9,0,0
BRDA:124,9,1,7
BRDA:126,10,0,7
BRDA:126,10,1,7
BRDA:140,11,0,0
BRDA:140,11,1,0
BRDA:152,12,0,7
BRDA:152,12,1,1
BRDA:153,13,0,7
BRDA:153,13,1,1
BRDA:154,14,0,0
BRDA:154,14,1,7
BRDA:156,15,0,7
BRDA:156,15,1,7
BRDA:170,16,0,0
BRDA:170,16,1,3
BRDA:181,17,0,9
BRDA:181,17,1,1
BRDA:182,18,0,9
BRDA:182,18,1,0
BRDA:279,19,0,0
BRDA:279,19,1,0
BRDA:288,20,0,7
BRDA:288,20,1,1
BRDA:289,21,0,7
BRDA:289,21,1,1
BRDA:310,22,0,0
BRDA:310,22,1,0
BRDA:321,23,0,0
BRDA:321,23,1,7
BRDA:324,24,0,7
BRDA:324,24,1,1
BRDA:325,25,0,7
BRDA:325,25,1,1
BRDA:326,26,0,7
BRDA:326,26,1,7
BRDA:330,27,0,0
BRDA:330,27,1,0
BRDA:348,28,0,0
BRDA:348,28,1,7
BRDA:369,29,0,7
BRDA:369,29,1,1
BRDA:369,29,2,1
BRDA:400,30,0,6
BRDA:400,30,1,3
BRF:63
BRH:42
end_of_record
TN:
SF:src\screens\createActivityStyle.js
FNF:0
FNH:0
LF:0
LH:0
BRF:0
BRH:0
end_of_record
TN:
SF:src\utils\color.js
FNF:0
FNH:0
LF:0
LH:0
BRF:0
BRH:0
end_of_record
TN:
SF:src\utils\constants.js
FN:175,(anonymous_0)
FN:176,(anonymous_1)
FN:177,(anonymous_2)
FNF:3
FNH:0
FNDA:0,(anonymous_0)
FNDA:0,(anonymous_1)
FNDA:0,(anonymous_2)
DA:1,6
DA:86,6
DA:175,6
DA:176,0
DA:177,0
DA:178,0
DA:183,6
LF:7
LH:4
BRF:0
BRH:0
end_of_record
